[2022-09-19T15:11:24.061] [INFO] info - { id: '6328161cf3a5b40024f3c2f8', username: 'zpy1' }
[2022-09-19T15:12:06.970] [INFO] info - { id: '6328164694c7033ed57f6cdb', username: 'zpy12' }
[2022-09-19T15:14:47.719] [INFO] info - {
  token: 'eyJhbGciOiJIUzI1NiIsInR5cCI6IkpXVCJ9.eyIkX18iOnsiYWN0aXZlUGF0aHMiOnsicGF0aHMiOnsiZGVwdElkIjoiaW5pdCIsInN0YXRlIjoiaW5pdCIsInJvbGUiOiJpbml0Iiwicm9sZUxpc3QiOiJpbml0IiwiY3JlYXRlVGltZSI6ImluaXQiLCJsYXN0TG9naW5UaW1lIjoiaW5pdCIsIl9pZCI6ImluaXQiLCJ1c2VybmFtZSI6ImluaXQiLCJwYXNzd29yZCI6ImluaXQiLCJfX3YiOiJpbml0In0sInN0YXRlcyI6eyJkZWZhdWx0Ijp7fSwiaW5pdCI6eyJfaWQiOnRydWUsInVzZXJuYW1lIjp0cnVlLCJwYXNzd29yZCI6dHJ1ZSwiZGVwdElkIjp0cnVlLCJzdGF0ZSI6dHJ1ZSwicm9sZSI6dHJ1ZSwicm9sZUxpc3QiOnRydWUsImNyZWF0ZVRpbWUiOnRydWUsImxhc3RMb2dpblRpbWUiOnRydWUsIl9fdiI6dHJ1ZX19fSwic2tpcElkIjp0cnVlfSwiJGlzTmV3IjpmYWxzZSwiX2RvYyI6eyJfaWQiOiI2MzI4MTRjMDk5NzA5Y2NjZTFkY2FjMzAiLCJ1c2VybmFtZSI6InpweSIsInBhc3N3b3JkIjoiJDJhJDEwJHQ1QnN1SUxXM2dyLkY2SFAzZ2RjbmU4Z3FvdnE1b0drRjJPU2VHc243WVNUMjhlTkRVTlZLIiwiZGVwdElkIjpbXSwic3RhdGUiOjEsInJvbGUiOjEsInJvbGVMaXN0IjpbXSwiY3JlYXRlVGltZSI6IjIwMjItMDktMTlUMDc6MDQ6MzQuMDYxWiIsImxhc3RMb2dpblRpbWUiOiIyMDIyLTA5LTE5VDA3OjA0OjM0LjA2MVoiLCJfX3YiOjB9LCJpYXQiOjE2NjM1NzE2ODcsImV4cCI6MTY2MzY1ODA4N30.W7J8orbkHF7WlwlUrbCmU_rEXhBAxodh9FBCUwxc77I'
}
[2022-09-19T15:16:52.788] [INFO] info - {
  token: 'eyJhbGciOiJIUzI1NiIsInR5cCI6IkpXVCJ9.eyIkX18iOnsiYWN0aXZlUGF0aHMiOnsicGF0aHMiOnsiZGVwdElkIjoiaW5pdCIsInN0YXRlIjoiaW5pdCIsInJvbGUiOiJpbml0Iiwicm9sZUxpc3QiOiJpbml0IiwiY3JlYXRlVGltZSI6ImluaXQiLCJsYXN0TG9naW5UaW1lIjoiaW5pdCIsIl9pZCI6ImluaXQiLCJ1c2VybmFtZSI6ImluaXQiLCJwYXNzd29yZCI6ImluaXQiLCJfX3YiOiJpbml0In0sInN0YXRlcyI6eyJkZWZhdWx0Ijp7fSwiaW5pdCI6eyJfaWQiOnRydWUsInVzZXJuYW1lIjp0cnVlLCJwYXNzd29yZCI6dHJ1ZSwiZGVwdElkIjp0cnVlLCJzdGF0ZSI6dHJ1ZSwicm9sZSI6dHJ1ZSwicm9sZUxpc3QiOnRydWUsImNyZWF0ZVRpbWUiOnRydWUsImxhc3RMb2dpblRpbWUiOnRydWUsIl9fdiI6dHJ1ZX19fSwic2tpcElkIjp0cnVlfSwiJGlzTmV3IjpmYWxzZSwiX2RvYyI6eyJfaWQiOiI2MzI4MTRjMDk5NzA5Y2NjZTFkY2FjMzAiLCJ1c2VybmFtZSI6InpweSIsInBhc3N3b3JkIjoiJDJhJDEwJHQ1QnN1SUxXM2dyLkY2SFAzZ2RjbmU4Z3FvdnE1b0drRjJPU2VHc243WVNUMjhlTkRVTlZLIiwiZGVwdElkIjpbXSwic3RhdGUiOjEsInJvbGUiOjEsInJvbGVMaXN0IjpbXSwiY3JlYXRlVGltZSI6IjIwMjItMDktMTlUMDc6MDQ6MzQuMDYxWiIsImxhc3RMb2dpblRpbWUiOiIyMDIyLTA5LTE5VDA3OjA0OjM0LjA2MVoiLCJfX3YiOjB9LCJpYXQiOjE2NjM1NzE4MTIsImV4cCI6MTY2MzY1ODIxMn0.JTPyw9DCbxaJrTAXMuOtLy3kSGq2ggcDsl4R0vdvCII'
}
[2022-09-19T15:49:41.059] [INFO] info - {
  token: 'eyJhbGciOiJIUzI1NiIsInR5cCI6IkpXVCJ9.eyIkX18iOnsiYWN0aXZlUGF0aHMiOnsicGF0aHMiOnsiZGVwdElkIjoiaW5pdCIsInN0YXRlIjoiaW5pdCIsInJvbGUiOiJpbml0Iiwicm9sZUxpc3QiOiJpbml0IiwiY3JlYXRlVGltZSI6ImluaXQiLCJsYXN0TG9naW5UaW1lIjoiaW5pdCIsIl9pZCI6ImluaXQiLCJ1c2VybmFtZSI6ImluaXQiLCJwYXNzd29yZCI6ImluaXQiLCJfX3YiOiJpbml0In0sInN0YXRlcyI6eyJkZWZhdWx0Ijp7fSwiaW5pdCI6eyJfaWQiOnRydWUsInVzZXJuYW1lIjp0cnVlLCJwYXNzd29yZCI6dHJ1ZSwiZGVwdElkIjp0cnVlLCJzdGF0ZSI6dHJ1ZSwicm9sZSI6dHJ1ZSwicm9sZUxpc3QiOnRydWUsImNyZWF0ZVRpbWUiOnRydWUsImxhc3RMb2dpblRpbWUiOnRydWUsIl9fdiI6dHJ1ZX19fSwic2tpcElkIjp0cnVlfSwiJGlzTmV3IjpmYWxzZSwiX2RvYyI6eyJfaWQiOiI2MzI4MTRjMDk5NzA5Y2NjZTFkY2FjMzAiLCJ1c2VybmFtZSI6InpweSIsInBhc3N3b3JkIjoiJDJhJDEwJHQ1QnN1SUxXM2dyLkY2SFAzZ2RjbmU4Z3FvdnE1b0drRjJPU2VHc243WVNUMjhlTkRVTlZLIiwiZGVwdElkIjpbXSwic3RhdGUiOjEsInJvbGUiOjEsInJvbGVMaXN0IjpbXSwiY3JlYXRlVGltZSI6IjIwMjItMDktMTlUMDc6MDQ6MzQuMDYxWiIsImxhc3RMb2dpblRpbWUiOiIyMDIyLTA5LTE5VDA3OjA0OjM0LjA2MVoiLCJfX3YiOjB9LCJpYXQiOjE2NjM1NzM3ODEsImV4cCI6MTY2MzY2MDE4MX0.EUV9_KDcCcWYLphdRlJyNy1F_RGhXbVGHtJTQf9yfKc'
}
[2022-09-19T15:49:53.748] [INFO] info - {
  token: 'eyJhbGciOiJIUzI1NiIsInR5cCI6IkpXVCJ9.eyIkX18iOnsiYWN0aXZlUGF0aHMiOnsicGF0aHMiOnsiZGVwdElkIjoiaW5pdCIsInN0YXRlIjoiaW5pdCIsInJvbGUiOiJpbml0Iiwicm9sZUxpc3QiOiJpbml0IiwiY3JlYXRlVGltZSI6ImluaXQiLCJsYXN0TG9naW5UaW1lIjoiaW5pdCIsIl9pZCI6ImluaXQiLCJ1c2VybmFtZSI6ImluaXQiLCJwYXNzd29yZCI6ImluaXQiLCJfX3YiOiJpbml0In0sInN0YXRlcyI6eyJkZWZhdWx0Ijp7fSwiaW5pdCI6eyJfaWQiOnRydWUsInVzZXJuYW1lIjp0cnVlLCJwYXNzd29yZCI6dHJ1ZSwiZGVwdElkIjp0cnVlLCJzdGF0ZSI6dHJ1ZSwicm9sZSI6dHJ1ZSwicm9sZUxpc3QiOnRydWUsImNyZWF0ZVRpbWUiOnRydWUsImxhc3RMb2dpblRpbWUiOnRydWUsIl9fdiI6dHJ1ZX19fSwic2tpcElkIjp0cnVlfSwiJGlzTmV3IjpmYWxzZSwiX2RvYyI6eyJfaWQiOiI2MzI4MTRjMDk5NzA5Y2NjZTFkY2FjMzAiLCJ1c2VybmFtZSI6InpweSIsInBhc3N3b3JkIjoiJDJhJDEwJHQ1QnN1SUxXM2dyLkY2SFAzZ2RjbmU4Z3FvdnE1b0drRjJPU2VHc243WVNUMjhlTkRVTlZLIiwiZGVwdElkIjpbXSwic3RhdGUiOjEsInJvbGUiOjEsInJvbGVMaXN0IjpbXSwiY3JlYXRlVGltZSI6IjIwMjItMDktMTlUMDc6MDQ6MzQuMDYxWiIsImxhc3RMb2dpblRpbWUiOiIyMDIyLTA5LTE5VDA3OjA0OjM0LjA2MVoiLCJfX3YiOjB9LCJpYXQiOjE2NjM1NzM3OTMsImV4cCI6MTY2MzY2MDE5M30.kTY8ZxFIF17CkNFe7LyZx2W-VV4P8eUYdm7JiP-r3ys'
}
[2022-09-19T17:31:05.504] [INFO] info - {
  token: 'eyJhbGciOiJIUzI1NiIsInR5cCI6IkpXVCJ9.eyIkX18iOnsiYWN0aXZlUGF0aHMiOnsicGF0aHMiOnsiZGVwdElkIjoiaW5pdCIsInN0YXRlIjoiaW5pdCIsInJvbGUiOiJpbml0Iiwicm9sZUxpc3QiOiJpbml0IiwiY3JlYXRlVGltZSI6ImluaXQiLCJsYXN0TG9naW5UaW1lIjoiaW5pdCIsIl9pZCI6ImluaXQiLCJ1c2VybmFtZSI6ImluaXQiLCJwYXNzd29yZCI6ImluaXQiLCJfX3YiOiJpbml0In0sInN0YXRlcyI6eyJkZWZhdWx0Ijp7fSwiaW5pdCI6eyJfaWQiOnRydWUsInVzZXJuYW1lIjp0cnVlLCJwYXNzd29yZCI6dHJ1ZSwiZGVwdElkIjp0cnVlLCJzdGF0ZSI6dHJ1ZSwicm9sZSI6dHJ1ZSwicm9sZUxpc3QiOnRydWUsImNyZWF0ZVRpbWUiOnRydWUsImxhc3RMb2dpblRpbWUiOnRydWUsIl9fdiI6dHJ1ZX19fSwic2tpcElkIjp0cnVlfSwiJGlzTmV3IjpmYWxzZSwiX2RvYyI6eyJfaWQiOiI2MzI4MTRjMDk5NzA5Y2NjZTFkY2FjMzAiLCJ1c2VybmFtZSI6InpweSIsInBhc3N3b3JkIjoiJDJhJDEwJHQ1QnN1SUxXM2dyLkY2SFAzZ2RjbmU4Z3FvdnE1b0drRjJPU2VHc243WVNUMjhlTkRVTlZLIiwiZGVwdElkIjpbXSwic3RhdGUiOjEsInJvbGUiOjEsInJvbGVMaXN0IjpbXSwiY3JlYXRlVGltZSI6IjIwMjItMDktMTlUMDc6MDQ6MzQuMDYxWiIsImxhc3RMb2dpblRpbWUiOiIyMDIyLTA5LTE5VDA3OjA0OjM0LjA2MVoiLCJfX3YiOjB9LCJpYXQiOjE2NjM1Nzk4NjUsImV4cCI6MTY2MzY2NjI2NX0.HcIpw0Uc59XVBf0EfHYVoMayNTAdRkWLWwM4XrzUtwU'
}
[2022-09-19T17:31:14.999] [INFO] info - {
  token: 'eyJhbGciOiJIUzI1NiIsInR5cCI6IkpXVCJ9.eyIkX18iOnsiYWN0aXZlUGF0aHMiOnsicGF0aHMiOnsiZGVwdElkIjoiaW5pdCIsInN0YXRlIjoiaW5pdCIsInJvbGUiOiJpbml0Iiwicm9sZUxpc3QiOiJpbml0IiwiY3JlYXRlVGltZSI6ImluaXQiLCJsYXN0TG9naW5UaW1lIjoiaW5pdCIsIl9pZCI6ImluaXQiLCJ1c2VybmFtZSI6ImluaXQiLCJwYXNzd29yZCI6ImluaXQiLCJfX3YiOiJpbml0In0sInN0YXRlcyI6eyJkZWZhdWx0Ijp7fSwiaW5pdCI6eyJfaWQiOnRydWUsInVzZXJuYW1lIjp0cnVlLCJwYXNzd29yZCI6dHJ1ZSwiZGVwdElkIjp0cnVlLCJzdGF0ZSI6dHJ1ZSwicm9sZSI6dHJ1ZSwicm9sZUxpc3QiOnRydWUsImNyZWF0ZVRpbWUiOnRydWUsImxhc3RMb2dpblRpbWUiOnRydWUsIl9fdiI6dHJ1ZX19fSwic2tpcElkIjp0cnVlfSwiJGlzTmV3IjpmYWxzZSwiX2RvYyI6eyJfaWQiOiI2MzI4MTRjMDk5NzA5Y2NjZTFkY2FjMzAiLCJ1c2VybmFtZSI6InpweSIsInBhc3N3b3JkIjoiJDJhJDEwJHQ1QnN1SUxXM2dyLkY2SFAzZ2RjbmU4Z3FvdnE1b0drRjJPU2VHc243WVNUMjhlTkRVTlZLIiwiZGVwdElkIjpbXSwic3RhdGUiOjEsInJvbGUiOjEsInJvbGVMaXN0IjpbXSwiY3JlYXRlVGltZSI6IjIwMjItMDktMTlUMDc6MDQ6MzQuMDYxWiIsImxhc3RMb2dpblRpbWUiOiIyMDIyLTA5LTE5VDA3OjA0OjM0LjA2MVoiLCJfX3YiOjB9LCJpYXQiOjE2NjM1Nzk4NzQsImV4cCI6MTY2MzY2NjI3NH0.H0WvaoLKpMN44ztDfXVDMQrXC2D879b3gryIkE9C4L4'
}
[2022-09-19T17:34:15.551] [INFO] info - {
  token: 'eyJhbGciOiJIUzI1NiIsInR5cCI6IkpXVCJ9.eyIkX18iOnsiYWN0aXZlUGF0aHMiOnsicGF0aHMiOnsiZGVwdElkIjoiaW5pdCIsInN0YXRlIjoiaW5pdCIsInJvbGUiOiJpbml0Iiwicm9sZUxpc3QiOiJpbml0IiwiY3JlYXRlVGltZSI6ImluaXQiLCJsYXN0TG9naW5UaW1lIjoiaW5pdCIsIl9pZCI6ImluaXQiLCJ1c2VybmFtZSI6ImluaXQiLCJwYXNzd29yZCI6ImluaXQiLCJfX3YiOiJpbml0In0sInN0YXRlcyI6eyJkZWZhdWx0Ijp7fSwiaW5pdCI6eyJfaWQiOnRydWUsInVzZXJuYW1lIjp0cnVlLCJwYXNzd29yZCI6dHJ1ZSwiZGVwdElkIjp0cnVlLCJzdGF0ZSI6dHJ1ZSwicm9sZSI6dHJ1ZSwicm9sZUxpc3QiOnRydWUsImNyZWF0ZVRpbWUiOnRydWUsImxhc3RMb2dpblRpbWUiOnRydWUsIl9fdiI6dHJ1ZX19fSwic2tpcElkIjp0cnVlfSwiJGlzTmV3IjpmYWxzZSwiX2RvYyI6eyJfaWQiOiI2MzI4MTRjMDk5NzA5Y2NjZTFkY2FjMzAiLCJ1c2VybmFtZSI6InpweSIsInBhc3N3b3JkIjoiJDJhJDEwJHQ1QnN1SUxXM2dyLkY2SFAzZ2RjbmU4Z3FvdnE1b0drRjJPU2VHc243WVNUMjhlTkRVTlZLIiwiZGVwdElkIjpbXSwic3RhdGUiOjEsInJvbGUiOjEsInJvbGVMaXN0IjpbXSwiY3JlYXRlVGltZSI6IjIwMjItMDktMTlUMDc6MDQ6MzQuMDYxWiIsImxhc3RMb2dpblRpbWUiOiIyMDIyLTA5LTE5VDA3OjA0OjM0LjA2MVoiLCJfX3YiOjB9LCJpYXQiOjE2NjM1ODAwNTUsImV4cCI6MTY2MzY2NjQ1NX0.HWGZozgyy2a9FsnTqYSlWo8NyCgDGXOD-nRYZ9if7WI'
}
[2022-09-19T17:34:20.701] [INFO] info - {
  token: 'eyJhbGciOiJIUzI1NiIsInR5cCI6IkpXVCJ9.eyIkX18iOnsiYWN0aXZlUGF0aHMiOnsicGF0aHMiOnsiZGVwdElkIjoiaW5pdCIsInN0YXRlIjoiaW5pdCIsInJvbGUiOiJpbml0Iiwicm9sZUxpc3QiOiJpbml0IiwiY3JlYXRlVGltZSI6ImluaXQiLCJsYXN0TG9naW5UaW1lIjoiaW5pdCIsIl9pZCI6ImluaXQiLCJ1c2VybmFtZSI6ImluaXQiLCJwYXNzd29yZCI6ImluaXQiLCJfX3YiOiJpbml0In0sInN0YXRlcyI6eyJkZWZhdWx0Ijp7fSwiaW5pdCI6eyJfaWQiOnRydWUsInVzZXJuYW1lIjp0cnVlLCJwYXNzd29yZCI6dHJ1ZSwiZGVwdElkIjp0cnVlLCJzdGF0ZSI6dHJ1ZSwicm9sZSI6dHJ1ZSwicm9sZUxpc3QiOnRydWUsImNyZWF0ZVRpbWUiOnRydWUsImxhc3RMb2dpblRpbWUiOnRydWUsIl9fdiI6dHJ1ZX19fSwic2tpcElkIjp0cnVlfSwiJGlzTmV3IjpmYWxzZSwiX2RvYyI6eyJfaWQiOiI2MzI4MTRjMDk5NzA5Y2NjZTFkY2FjMzAiLCJ1c2VybmFtZSI6InpweSIsInBhc3N3b3JkIjoiJDJhJDEwJHQ1QnN1SUxXM2dyLkY2SFAzZ2RjbmU4Z3FvdnE1b0drRjJPU2VHc243WVNUMjhlTkRVTlZLIiwiZGVwdElkIjpbXSwic3RhdGUiOjEsInJvbGUiOjEsInJvbGVMaXN0IjpbXSwiY3JlYXRlVGltZSI6IjIwMjItMDktMTlUMDc6MDQ6MzQuMDYxWiIsImxhc3RMb2dpblRpbWUiOiIyMDIyLTA5LTE5VDA3OjA0OjM0LjA2MVoiLCJfX3YiOjB9LCJpYXQiOjE2NjM1ODAwNjAsImV4cCI6MTY2MzY2NjQ2MH0.EhjHpn3dKMS_2GCj5eBHx_L9ssuVyBcSh6bZC5E5WMw'
}
[2022-09-19T17:36:09.055] [INFO] info - {
  token: 'eyJhbGciOiJIUzI1NiIsInR5cCI6IkpXVCJ9.eyIkX18iOnsiYWN0aXZlUGF0aHMiOnsicGF0aHMiOnsiZGVwdElkIjoiaW5pdCIsInN0YXRlIjoiaW5pdCIsInJvbGUiOiJpbml0Iiwicm9sZUxpc3QiOiJpbml0IiwiY3JlYXRlVGltZSI6ImluaXQiLCJsYXN0TG9naW5UaW1lIjoiaW5pdCIsIl9pZCI6ImluaXQiLCJ1c2VybmFtZSI6ImluaXQiLCJwYXNzd29yZCI6ImluaXQiLCJfX3YiOiJpbml0In0sInN0YXRlcyI6eyJkZWZhdWx0Ijp7fSwiaW5pdCI6eyJfaWQiOnRydWUsInVzZXJuYW1lIjp0cnVlLCJwYXNzd29yZCI6dHJ1ZSwiZGVwdElkIjp0cnVlLCJzdGF0ZSI6dHJ1ZSwicm9sZSI6dHJ1ZSwicm9sZUxpc3QiOnRydWUsImNyZWF0ZVRpbWUiOnRydWUsImxhc3RMb2dpblRpbWUiOnRydWUsIl9fdiI6dHJ1ZX19fSwic2tpcElkIjp0cnVlfSwiJGlzTmV3IjpmYWxzZSwiX2RvYyI6eyJfaWQiOiI2MzI4MTRjMDk5NzA5Y2NjZTFkY2FjMzAiLCJ1c2VybmFtZSI6InpweSIsInBhc3N3b3JkIjoiJDJhJDEwJHQ1QnN1SUxXM2dyLkY2SFAzZ2RjbmU4Z3FvdnE1b0drRjJPU2VHc243WVNUMjhlTkRVTlZLIiwiZGVwdElkIjpbXSwic3RhdGUiOjEsInJvbGUiOjEsInJvbGVMaXN0IjpbXSwiY3JlYXRlVGltZSI6IjIwMjItMDktMTlUMDc6MDQ6MzQuMDYxWiIsImxhc3RMb2dpblRpbWUiOiIyMDIyLTA5LTE5VDA3OjA0OjM0LjA2MVoiLCJfX3YiOjB9LCJpYXQiOjE2NjM1ODAxNjksImV4cCI6MTY2MzY2NjU2OX0.O82PUxY2_xICLqx6NOeZ8n-kD6wERSX4WxCXro6WkjQ'
}
[2022-09-19T17:36:22.756] [INFO] info - {
  token: 'eyJhbGciOiJIUzI1NiIsInR5cCI6IkpXVCJ9.eyIkX18iOnsiYWN0aXZlUGF0aHMiOnsicGF0aHMiOnsiZGVwdElkIjoiaW5pdCIsInN0YXRlIjoiaW5pdCIsInJvbGUiOiJpbml0Iiwicm9sZUxpc3QiOiJpbml0IiwiY3JlYXRlVGltZSI6ImluaXQiLCJsYXN0TG9naW5UaW1lIjoiaW5pdCIsIl9pZCI6ImluaXQiLCJ1c2VybmFtZSI6ImluaXQiLCJwYXNzd29yZCI6ImluaXQiLCJfX3YiOiJpbml0In0sInN0YXRlcyI6eyJkZWZhdWx0Ijp7fSwiaW5pdCI6eyJfaWQiOnRydWUsInVzZXJuYW1lIjp0cnVlLCJwYXNzd29yZCI6dHJ1ZSwiZGVwdElkIjp0cnVlLCJzdGF0ZSI6dHJ1ZSwicm9sZSI6dHJ1ZSwicm9sZUxpc3QiOnRydWUsImNyZWF0ZVRpbWUiOnRydWUsImxhc3RMb2dpblRpbWUiOnRydWUsIl9fdiI6dHJ1ZX19fSwic2tpcElkIjp0cnVlfSwiJGlzTmV3IjpmYWxzZSwiX2RvYyI6eyJfaWQiOiI2MzI4MTRjMDk5NzA5Y2NjZTFkY2FjMzAiLCJ1c2VybmFtZSI6InpweSIsInBhc3N3b3JkIjoiJDJhJDEwJHQ1QnN1SUxXM2dyLkY2SFAzZ2RjbmU4Z3FvdnE1b0drRjJPU2VHc243WVNUMjhlTkRVTlZLIiwiZGVwdElkIjpbXSwic3RhdGUiOjEsInJvbGUiOjEsInJvbGVMaXN0IjpbXSwiY3JlYXRlVGltZSI6IjIwMjItMDktMTlUMDc6MDQ6MzQuMDYxWiIsImxhc3RMb2dpblRpbWUiOiIyMDIyLTA5LTE5VDA3OjA0OjM0LjA2MVoiLCJfX3YiOjB9LCJpYXQiOjE2NjM1ODAxODIsImV4cCI6MTY2MzY2NjU4Mn0.06eRUXfl3XNdHQNWOetgn2LtEXkbsAiC8YGwT7bwALU'
}
[2022-09-19T17:36:58.597] [INFO] info - {
  token: 'eyJhbGciOiJIUzI1NiIsInR5cCI6IkpXVCJ9.eyIkX18iOnsiYWN0aXZlUGF0aHMiOnsicGF0aHMiOnsiZGVwdElkIjoiaW5pdCIsInN0YXRlIjoiaW5pdCIsInJvbGUiOiJpbml0Iiwicm9sZUxpc3QiOiJpbml0IiwiY3JlYXRlVGltZSI6ImluaXQiLCJsYXN0TG9naW5UaW1lIjoiaW5pdCIsIl9pZCI6ImluaXQiLCJ1c2VybmFtZSI6ImluaXQiLCJwYXNzd29yZCI6ImluaXQiLCJfX3YiOiJpbml0In0sInN0YXRlcyI6eyJkZWZhdWx0Ijp7fSwiaW5pdCI6eyJfaWQiOnRydWUsInVzZXJuYW1lIjp0cnVlLCJwYXNzd29yZCI6dHJ1ZSwiZGVwdElkIjp0cnVlLCJzdGF0ZSI6dHJ1ZSwicm9sZSI6dHJ1ZSwicm9sZUxpc3QiOnRydWUsImNyZWF0ZVRpbWUiOnRydWUsImxhc3RMb2dpblRpbWUiOnRydWUsIl9fdiI6dHJ1ZX19fSwic2tpcElkIjp0cnVlfSwiJGlzTmV3IjpmYWxzZSwiX2RvYyI6eyJfaWQiOiI2MzI4MTRjMDk5NzA5Y2NjZTFkY2FjMzAiLCJ1c2VybmFtZSI6InpweSIsInBhc3N3b3JkIjoiJDJhJDEwJHQ1QnN1SUxXM2dyLkY2SFAzZ2RjbmU4Z3FvdnE1b0drRjJPU2VHc243WVNUMjhlTkRVTlZLIiwiZGVwdElkIjpbXSwic3RhdGUiOjEsInJvbGUiOjEsInJvbGVMaXN0IjpbXSwiY3JlYXRlVGltZSI6IjIwMjItMDktMTlUMDc6MDQ6MzQuMDYxWiIsImxhc3RMb2dpblRpbWUiOiIyMDIyLTA5LTE5VDA3OjA0OjM0LjA2MVoiLCJfX3YiOjB9LCJpYXQiOjE2NjM1ODAyMTgsImV4cCI6MTY2MzY2NjYxOH0.lydi-JHY0DeCpStRHmn80C7lwVdj9XVWlPGTGclBktM'
}
[2022-09-19T17:37:06.730] [INFO] info - {
  token: 'eyJhbGciOiJIUzI1NiIsInR5cCI6IkpXVCJ9.eyIkX18iOnsiYWN0aXZlUGF0aHMiOnsicGF0aHMiOnsiZGVwdElkIjoiaW5pdCIsInN0YXRlIjoiaW5pdCIsInJvbGUiOiJpbml0Iiwicm9sZUxpc3QiOiJpbml0IiwiY3JlYXRlVGltZSI6ImluaXQiLCJsYXN0TG9naW5UaW1lIjoiaW5pdCIsIl9pZCI6ImluaXQiLCJ1c2VybmFtZSI6ImluaXQiLCJwYXNzd29yZCI6ImluaXQiLCJfX3YiOiJpbml0In0sInN0YXRlcyI6eyJkZWZhdWx0Ijp7fSwiaW5pdCI6eyJfaWQiOnRydWUsInVzZXJuYW1lIjp0cnVlLCJwYXNzd29yZCI6dHJ1ZSwiZGVwdElkIjp0cnVlLCJzdGF0ZSI6dHJ1ZSwicm9sZSI6dHJ1ZSwicm9sZUxpc3QiOnRydWUsImNyZWF0ZVRpbWUiOnRydWUsImxhc3RMb2dpblRpbWUiOnRydWUsIl9fdiI6dHJ1ZX19fSwic2tpcElkIjp0cnVlfSwiJGlzTmV3IjpmYWxzZSwiX2RvYyI6eyJfaWQiOiI2MzI4MTRjMDk5NzA5Y2NjZTFkY2FjMzAiLCJ1c2VybmFtZSI6InpweSIsInBhc3N3b3JkIjoiJDJhJDEwJHQ1QnN1SUxXM2dyLkY2SFAzZ2RjbmU4Z3FvdnE1b0drRjJPU2VHc243WVNUMjhlTkRVTlZLIiwiZGVwdElkIjpbXSwic3RhdGUiOjEsInJvbGUiOjEsInJvbGVMaXN0IjpbXSwiY3JlYXRlVGltZSI6IjIwMjItMDktMTlUMDc6MDQ6MzQuMDYxWiIsImxhc3RMb2dpblRpbWUiOiIyMDIyLTA5LTE5VDA3OjA0OjM0LjA2MVoiLCJfX3YiOjB9LCJpYXQiOjE2NjM1ODAyMjYsImV4cCI6MTY2MzY2NjYyNn0.RK0xXyWWrEAvGMXoruOf7SS076DAWjFeRtEirMoYkQk'
}
[2022-09-19T17:37:36.319] [INFO] info - {
  token: 'eyJhbGciOiJIUzI1NiIsInR5cCI6IkpXVCJ9.eyIkX18iOnsiYWN0aXZlUGF0aHMiOnsicGF0aHMiOnsiZGVwdElkIjoiaW5pdCIsInN0YXRlIjoiaW5pdCIsInJvbGUiOiJpbml0Iiwicm9sZUxpc3QiOiJpbml0IiwiY3JlYXRlVGltZSI6ImluaXQiLCJsYXN0TG9naW5UaW1lIjoiaW5pdCIsIl9pZCI6ImluaXQiLCJ1c2VybmFtZSI6ImluaXQiLCJwYXNzd29yZCI6ImluaXQiLCJfX3YiOiJpbml0In0sInN0YXRlcyI6eyJkZWZhdWx0Ijp7fSwiaW5pdCI6eyJfaWQiOnRydWUsInVzZXJuYW1lIjp0cnVlLCJwYXNzd29yZCI6dHJ1ZSwiZGVwdElkIjp0cnVlLCJzdGF0ZSI6dHJ1ZSwicm9sZSI6dHJ1ZSwicm9sZUxpc3QiOnRydWUsImNyZWF0ZVRpbWUiOnRydWUsImxhc3RMb2dpblRpbWUiOnRydWUsIl9fdiI6dHJ1ZX19fSwic2tpcElkIjp0cnVlfSwiJGlzTmV3IjpmYWxzZSwiX2RvYyI6eyJfaWQiOiI2MzI4MTRjMDk5NzA5Y2NjZTFkY2FjMzAiLCJ1c2VybmFtZSI6InpweSIsInBhc3N3b3JkIjoiJDJhJDEwJHQ1QnN1SUxXM2dyLkY2SFAzZ2RjbmU4Z3FvdnE1b0drRjJPU2VHc243WVNUMjhlTkRVTlZLIiwiZGVwdElkIjpbXSwic3RhdGUiOjEsInJvbGUiOjEsInJvbGVMaXN0IjpbXSwiY3JlYXRlVGltZSI6IjIwMjItMDktMTlUMDc6MDQ6MzQuMDYxWiIsImxhc3RMb2dpblRpbWUiOiIyMDIyLTA5LTE5VDA3OjA0OjM0LjA2MVoiLCJfX3YiOjB9LCJpYXQiOjE2NjM1ODAyNTYsImV4cCI6MTY2MzY2NjY1Nn0.qEWIpY_7ttsLIk7qnYr0a9qIzIp_aAVJquhAtW72044'
}
[2022-09-19T17:39:24.188] [INFO] info - {
  token: 'eyJhbGciOiJIUzI1NiIsInR5cCI6IkpXVCJ9.eyIkX18iOnsiYWN0aXZlUGF0aHMiOnsicGF0aHMiOnsiZGVwdElkIjoiaW5pdCIsInN0YXRlIjoiaW5pdCIsInJvbGUiOiJpbml0Iiwicm9sZUxpc3QiOiJpbml0IiwiY3JlYXRlVGltZSI6ImluaXQiLCJsYXN0TG9naW5UaW1lIjoiaW5pdCIsIl9pZCI6ImluaXQiLCJ1c2VybmFtZSI6ImluaXQiLCJwYXNzd29yZCI6ImluaXQiLCJfX3YiOiJpbml0In0sInN0YXRlcyI6eyJkZWZhdWx0Ijp7fSwiaW5pdCI6eyJfaWQiOnRydWUsInVzZXJuYW1lIjp0cnVlLCJwYXNzd29yZCI6dHJ1ZSwiZGVwdElkIjp0cnVlLCJzdGF0ZSI6dHJ1ZSwicm9sZSI6dHJ1ZSwicm9sZUxpc3QiOnRydWUsImNyZWF0ZVRpbWUiOnRydWUsImxhc3RMb2dpblRpbWUiOnRydWUsIl9fdiI6dHJ1ZX19fSwic2tpcElkIjp0cnVlfSwiJGlzTmV3IjpmYWxzZSwiX2RvYyI6eyJfaWQiOiI2MzI4MTRjMDk5NzA5Y2NjZTFkY2FjMzAiLCJ1c2VybmFtZSI6InpweSIsInBhc3N3b3JkIjoiJDJhJDEwJHQ1QnN1SUxXM2dyLkY2SFAzZ2RjbmU4Z3FvdnE1b0drRjJPU2VHc243WVNUMjhlTkRVTlZLIiwiZGVwdElkIjpbXSwic3RhdGUiOjEsInJvbGUiOjEsInJvbGVMaXN0IjpbXSwiY3JlYXRlVGltZSI6IjIwMjItMDktMTlUMDc6MDQ6MzQuMDYxWiIsImxhc3RMb2dpblRpbWUiOiIyMDIyLTA5LTE5VDA3OjA0OjM0LjA2MVoiLCJfX3YiOjB9LCJpYXQiOjE2NjM1ODAzNjQsImV4cCI6MTY2MzY2Njc2NH0.UWev4OQr8ioKtEL8kYeTvXJL0G3mw1TqQyFwuBnfQAg'
}
[2022-09-19T21:06:23.219] [INFO] info - {
  token: 'eyJhbGciOiJIUzI1NiIsInR5cCI6IkpXVCJ9.eyIkX18iOnsiYWN0aXZlUGF0aHMiOnsicGF0aHMiOnsiZGVwdElkIjoiaW5pdCIsInN0YXRlIjoiaW5pdCIsInJvbGUiOiJpbml0Iiwicm9sZUxpc3QiOiJpbml0IiwiY3JlYXRlVGltZSI6ImluaXQiLCJsYXN0TG9naW5UaW1lIjoiaW5pdCIsIl9pZCI6ImluaXQiLCJ1c2VybmFtZSI6ImluaXQiLCJwYXNzd29yZCI6ImluaXQiLCJfX3YiOiJpbml0In0sInN0YXRlcyI6eyJkZWZhdWx0Ijp7fSwiaW5pdCI6eyJfaWQiOnRydWUsInVzZXJuYW1lIjp0cnVlLCJwYXNzd29yZCI6dHJ1ZSwiZGVwdElkIjp0cnVlLCJzdGF0ZSI6dHJ1ZSwicm9sZSI6dHJ1ZSwicm9sZUxpc3QiOnRydWUsImNyZWF0ZVRpbWUiOnRydWUsImxhc3RMb2dpblRpbWUiOnRydWUsIl9fdiI6dHJ1ZX19fSwic2tpcElkIjp0cnVlfSwiJGlzTmV3IjpmYWxzZSwiX2RvYyI6eyJfaWQiOiI2MzI4MTRjMDk5NzA5Y2NjZTFkY2FjMzAiLCJ1c2VybmFtZSI6InpweSIsInBhc3N3b3JkIjoiJDJhJDEwJHQ1QnN1SUxXM2dyLkY2SFAzZ2RjbmU4Z3FvdnE1b0drRjJPU2VHc243WVNUMjhlTkRVTlZLIiwiZGVwdElkIjpbXSwic3RhdGUiOjEsInJvbGUiOjEsInJvbGVMaXN0IjpbXSwiY3JlYXRlVGltZSI6IjIwMjItMDktMTlUMDc6MDQ6MzQuMDYxWiIsImxhc3RMb2dpblRpbWUiOiIyMDIyLTA5LTE5VDA3OjA0OjM0LjA2MVoiLCJfX3YiOjB9LCJpYXQiOjE2NjM1OTI3ODMsImV4cCI6MTY2MzY3OTE4M30.iGQaigq1t38k9dD_cXDYXIrGb6SuEZBkqdKgk2A04xU'
}
[2022-09-19T21:06:58.808] [INFO] info - {
  token: 'eyJhbGciOiJIUzI1NiIsInR5cCI6IkpXVCJ9.eyIkX18iOnsiYWN0aXZlUGF0aHMiOnsicGF0aHMiOnsiZGVwdElkIjoiaW5pdCIsInN0YXRlIjoiaW5pdCIsInJvbGUiOiJpbml0Iiwicm9sZUxpc3QiOiJpbml0IiwiY3JlYXRlVGltZSI6ImluaXQiLCJsYXN0TG9naW5UaW1lIjoiaW5pdCIsIl9pZCI6ImluaXQiLCJ1c2VybmFtZSI6ImluaXQiLCJwYXNzd29yZCI6ImluaXQiLCJfX3YiOiJpbml0In0sInN0YXRlcyI6eyJkZWZhdWx0Ijp7fSwiaW5pdCI6eyJfaWQiOnRydWUsInVzZXJuYW1lIjp0cnVlLCJwYXNzd29yZCI6dHJ1ZSwiZGVwdElkIjp0cnVlLCJzdGF0ZSI6dHJ1ZSwicm9sZSI6dHJ1ZSwicm9sZUxpc3QiOnRydWUsImNyZWF0ZVRpbWUiOnRydWUsImxhc3RMb2dpblRpbWUiOnRydWUsIl9fdiI6dHJ1ZX19fSwic2tpcElkIjp0cnVlfSwiJGlzTmV3IjpmYWxzZSwiX2RvYyI6eyJfaWQiOiI2MzI4MTRjMDk5NzA5Y2NjZTFkY2FjMzAiLCJ1c2VybmFtZSI6InpweSIsInBhc3N3b3JkIjoiJDJhJDEwJHQ1QnN1SUxXM2dyLkY2SFAzZ2RjbmU4Z3FvdnE1b0drRjJPU2VHc243WVNUMjhlTkRVTlZLIiwiZGVwdElkIjpbXSwic3RhdGUiOjEsInJvbGUiOjEsInJvbGVMaXN0IjpbXSwiY3JlYXRlVGltZSI6IjIwMjItMDktMTlUMDc6MDQ6MzQuMDYxWiIsImxhc3RMb2dpblRpbWUiOiIyMDIyLTA5LTE5VDA3OjA0OjM0LjA2MVoiLCJfX3YiOjB9LCJpYXQiOjE2NjM1OTI4MTgsImV4cCI6MTY2MzY3OTIxOH0.-mvVjDYkLGJggoKkcYKikiJGmeKaiDbnuRmzxnGgqas'
}
[2022-09-19T21:07:29.035] [INFO] info - {
  token: 'eyJhbGciOiJIUzI1NiIsInR5cCI6IkpXVCJ9.eyIkX18iOnsiYWN0aXZlUGF0aHMiOnsicGF0aHMiOnsiZGVwdElkIjoiaW5pdCIsInN0YXRlIjoiaW5pdCIsInJvbGUiOiJpbml0Iiwicm9sZUxpc3QiOiJpbml0IiwiY3JlYXRlVGltZSI6ImluaXQiLCJsYXN0TG9naW5UaW1lIjoiaW5pdCIsIl9pZCI6ImluaXQiLCJ1c2VybmFtZSI6ImluaXQiLCJwYXNzd29yZCI6ImluaXQiLCJfX3YiOiJpbml0In0sInN0YXRlcyI6eyJkZWZhdWx0Ijp7fSwiaW5pdCI6eyJfaWQiOnRydWUsInVzZXJuYW1lIjp0cnVlLCJwYXNzd29yZCI6dHJ1ZSwiZGVwdElkIjp0cnVlLCJzdGF0ZSI6dHJ1ZSwicm9sZSI6dHJ1ZSwicm9sZUxpc3QiOnRydWUsImNyZWF0ZVRpbWUiOnRydWUsImxhc3RMb2dpblRpbWUiOnRydWUsIl9fdiI6dHJ1ZX19fSwic2tpcElkIjp0cnVlfSwiJGlzTmV3IjpmYWxzZSwiX2RvYyI6eyJfaWQiOiI2MzI4MTRjMDk5NzA5Y2NjZTFkY2FjMzAiLCJ1c2VybmFtZSI6InpweSIsInBhc3N3b3JkIjoiJDJhJDEwJHQ1QnN1SUxXM2dyLkY2SFAzZ2RjbmU4Z3FvdnE1b0drRjJPU2VHc243WVNUMjhlTkRVTlZLIiwiZGVwdElkIjpbXSwic3RhdGUiOjEsInJvbGUiOjEsInJvbGVMaXN0IjpbXSwiY3JlYXRlVGltZSI6IjIwMjItMDktMTlUMDc6MDQ6MzQuMDYxWiIsImxhc3RMb2dpblRpbWUiOiIyMDIyLTA5LTE5VDA3OjA0OjM0LjA2MVoiLCJfX3YiOjB9LCJpYXQiOjE2NjM1OTI4NDksImV4cCI6MTY2MzY3OTI0OX0.5L5thMUF2-8M6MuaYFQzclxQFc7kDwGI7e5IobBCVZQ'
}
[2022-09-19T21:07:46.645] [INFO] info - {
  token: 'eyJhbGciOiJIUzI1NiIsInR5cCI6IkpXVCJ9.eyIkX18iOnsiYWN0aXZlUGF0aHMiOnsicGF0aHMiOnsiZGVwdElkIjoiaW5pdCIsInN0YXRlIjoiaW5pdCIsInJvbGUiOiJpbml0Iiwicm9sZUxpc3QiOiJpbml0IiwiY3JlYXRlVGltZSI6ImluaXQiLCJsYXN0TG9naW5UaW1lIjoiaW5pdCIsIl9pZCI6ImluaXQiLCJ1c2VybmFtZSI6ImluaXQiLCJwYXNzd29yZCI6ImluaXQiLCJfX3YiOiJpbml0In0sInN0YXRlcyI6eyJkZWZhdWx0Ijp7fSwiaW5pdCI6eyJfaWQiOnRydWUsInVzZXJuYW1lIjp0cnVlLCJwYXNzd29yZCI6dHJ1ZSwiZGVwdElkIjp0cnVlLCJzdGF0ZSI6dHJ1ZSwicm9sZSI6dHJ1ZSwicm9sZUxpc3QiOnRydWUsImNyZWF0ZVRpbWUiOnRydWUsImxhc3RMb2dpblRpbWUiOnRydWUsIl9fdiI6dHJ1ZX19fSwic2tpcElkIjp0cnVlfSwiJGlzTmV3IjpmYWxzZSwiX2RvYyI6eyJfaWQiOiI2MzI4MTRjMDk5NzA5Y2NjZTFkY2FjMzAiLCJ1c2VybmFtZSI6InpweSIsInBhc3N3b3JkIjoiJDJhJDEwJHQ1QnN1SUxXM2dyLkY2SFAzZ2RjbmU4Z3FvdnE1b0drRjJPU2VHc243WVNUMjhlTkRVTlZLIiwiZGVwdElkIjpbXSwic3RhdGUiOjEsInJvbGUiOjEsInJvbGVMaXN0IjpbXSwiY3JlYXRlVGltZSI6IjIwMjItMDktMTlUMDc6MDQ6MzQuMDYxWiIsImxhc3RMb2dpblRpbWUiOiIyMDIyLTA5LTE5VDA3OjA0OjM0LjA2MVoiLCJfX3YiOjB9LCJpYXQiOjE2NjM1OTI4NjYsImV4cCI6MTY2MzY3OTI2Nn0.R44U2NSSUu98xuR-vI2RRkXGm_ocnE9m7hMBqLCS-NM'
}
[2022-09-20T10:48:22.728] [INFO] info - {
  token: 'eyJhbGciOiJIUzI1NiIsInR5cCI6IkpXVCJ9.eyIkX18iOnsiYWN0aXZlUGF0aHMiOnsicGF0aHMiOnsiZGVwdElkIjoiaW5pdCIsInN0YXRlIjoiaW5pdCIsInJvbGUiOiJpbml0Iiwicm9sZUxpc3QiOiJpbml0IiwiY3JlYXRlVGltZSI6ImluaXQiLCJsYXN0TG9naW5UaW1lIjoiaW5pdCIsIl9pZCI6ImluaXQiLCJ1c2VybmFtZSI6ImluaXQiLCJwYXNzd29yZCI6ImluaXQiLCJfX3YiOiJpbml0In0sInN0YXRlcyI6eyJkZWZhdWx0Ijp7fSwiaW5pdCI6eyJfaWQiOnRydWUsInVzZXJuYW1lIjp0cnVlLCJwYXNzd29yZCI6dHJ1ZSwiZGVwdElkIjp0cnVlLCJzdGF0ZSI6dHJ1ZSwicm9sZSI6dHJ1ZSwicm9sZUxpc3QiOnRydWUsImNyZWF0ZVRpbWUiOnRydWUsImxhc3RMb2dpblRpbWUiOnRydWUsIl9fdiI6dHJ1ZX19fSwic2tpcElkIjp0cnVlfSwiJGlzTmV3IjpmYWxzZSwiX2RvYyI6eyJfaWQiOiI2MzI4MTRjMDk5NzA5Y2NjZTFkY2FjMzAiLCJ1c2VybmFtZSI6InpweSIsInBhc3N3b3JkIjoiJDJhJDEwJHQ1QnN1SUxXM2dyLkY2SFAzZ2RjbmU4Z3FvdnE1b0drRjJPU2VHc243WVNUMjhlTkRVTlZLIiwiZGVwdElkIjpbXSwic3RhdGUiOjEsInJvbGUiOjEsInJvbGVMaXN0IjpbXSwiY3JlYXRlVGltZSI6IjIwMjItMDktMTlUMDc6MDQ6MzQuMDYxWiIsImxhc3RMb2dpblRpbWUiOiIyMDIyLTA5LTE5VDA3OjA0OjM0LjA2MVoiLCJfX3YiOjB9LCJpYXQiOjE2NjM2NDIxMDIsImV4cCI6MTY2MzcyODUwMn0.rb6U3cBsGCGjo9fpzrWMy-i38IwMOcPKmkv2v1Ne630'
}
[2022-09-20T10:52:08.860] [INFO] info - {
  token: 'eyJhbGciOiJIUzI1NiIsInR5cCI6IkpXVCJ9.eyIkX18iOnsiYWN0aXZlUGF0aHMiOnsicGF0aHMiOnsiZGVwdElkIjoiaW5pdCIsInN0YXRlIjoiaW5pdCIsInJvbGUiOiJpbml0Iiwicm9sZUxpc3QiOiJpbml0IiwiY3JlYXRlVGltZSI6ImluaXQiLCJsYXN0TG9naW5UaW1lIjoiaW5pdCIsIl9pZCI6ImluaXQiLCJ1c2VybmFtZSI6ImluaXQiLCJwYXNzd29yZCI6ImluaXQiLCJfX3YiOiJpbml0In0sInN0YXRlcyI6eyJkZWZhdWx0Ijp7fSwiaW5pdCI6eyJfaWQiOnRydWUsInVzZXJuYW1lIjp0cnVlLCJwYXNzd29yZCI6dHJ1ZSwiZGVwdElkIjp0cnVlLCJzdGF0ZSI6dHJ1ZSwicm9sZSI6dHJ1ZSwicm9sZUxpc3QiOnRydWUsImNyZWF0ZVRpbWUiOnRydWUsImxhc3RMb2dpblRpbWUiOnRydWUsIl9fdiI6dHJ1ZX19fSwic2tpcElkIjp0cnVlfSwiJGlzTmV3IjpmYWxzZSwiX2RvYyI6eyJfaWQiOiI2MzI4MTRjMDk5NzA5Y2NjZTFkY2FjMzAiLCJ1c2VybmFtZSI6InpweSIsInBhc3N3b3JkIjoiJDJhJDEwJHQ1QnN1SUxXM2dyLkY2SFAzZ2RjbmU4Z3FvdnE1b0drRjJPU2VHc243WVNUMjhlTkRVTlZLIiwiZGVwdElkIjpbXSwic3RhdGUiOjEsInJvbGUiOjEsInJvbGVMaXN0IjpbXSwiY3JlYXRlVGltZSI6IjIwMjItMDktMTlUMDc6MDQ6MzQuMDYxWiIsImxhc3RMb2dpblRpbWUiOiIyMDIyLTA5LTE5VDA3OjA0OjM0LjA2MVoiLCJfX3YiOjB9LCJpYXQiOjE2NjM2NDIzMjgsImV4cCI6MTY2MzcyODcyOH0.lBw6Dl9x7YIUTIeGupkZZaxn3qQM_QNDLqZpVVpoTHM'
}
[2022-09-20T10:59:03.007] [INFO] info - {
  token: 'eyJhbGciOiJIUzI1NiIsInR5cCI6IkpXVCJ9.eyIkX18iOnsiYWN0aXZlUGF0aHMiOnsicGF0aHMiOnsiZGVwdElkIjoiaW5pdCIsInN0YXRlIjoiaW5pdCIsInJvbGUiOiJpbml0Iiwicm9sZUxpc3QiOiJpbml0IiwiY3JlYXRlVGltZSI6ImluaXQiLCJsYXN0TG9naW5UaW1lIjoiaW5pdCIsIl9pZCI6ImluaXQiLCJ1c2VybmFtZSI6ImluaXQiLCJwYXNzd29yZCI6ImluaXQiLCJfX3YiOiJpbml0In0sInN0YXRlcyI6eyJkZWZhdWx0Ijp7fSwiaW5pdCI6eyJfaWQiOnRydWUsInVzZXJuYW1lIjp0cnVlLCJwYXNzd29yZCI6dHJ1ZSwiZGVwdElkIjp0cnVlLCJzdGF0ZSI6dHJ1ZSwicm9sZSI6dHJ1ZSwicm9sZUxpc3QiOnRydWUsImNyZWF0ZVRpbWUiOnRydWUsImxhc3RMb2dpblRpbWUiOnRydWUsIl9fdiI6dHJ1ZX19fSwic2tpcElkIjp0cnVlfSwiJGlzTmV3IjpmYWxzZSwiX2RvYyI6eyJfaWQiOiI2MzI4MTRjMDk5NzA5Y2NjZTFkY2FjMzAiLCJ1c2VybmFtZSI6InpweSIsInBhc3N3b3JkIjoiJDJhJDEwJHQ1QnN1SUxXM2dyLkY2SFAzZ2RjbmU4Z3FvdnE1b0drRjJPU2VHc243WVNUMjhlTkRVTlZLIiwiZGVwdElkIjpbXSwic3RhdGUiOjEsInJvbGUiOjEsInJvbGVMaXN0IjpbXSwiY3JlYXRlVGltZSI6IjIwMjItMDktMTlUMDc6MDQ6MzQuMDYxWiIsImxhc3RMb2dpblRpbWUiOiIyMDIyLTA5LTE5VDA3OjA0OjM0LjA2MVoiLCJfX3YiOjB9LCJpYXQiOjE2NjM2NDI3NDMsImV4cCI6MTY2MzcyOTE0M30.X-GvtintkwFe4Qg3fDqOKyHfD6cQAy_zOgNpqsQTUJk'
}
[2022-09-20T10:59:07.899] [INFO] info - {
  token: 'eyJhbGciOiJIUzI1NiIsInR5cCI6IkpXVCJ9.eyIkX18iOnsiYWN0aXZlUGF0aHMiOnsicGF0aHMiOnsiZGVwdElkIjoiaW5pdCIsInN0YXRlIjoiaW5pdCIsInJvbGUiOiJpbml0Iiwicm9sZUxpc3QiOiJpbml0IiwiY3JlYXRlVGltZSI6ImluaXQiLCJsYXN0TG9naW5UaW1lIjoiaW5pdCIsIl9pZCI6ImluaXQiLCJ1c2VybmFtZSI6ImluaXQiLCJwYXNzd29yZCI6ImluaXQiLCJfX3YiOiJpbml0In0sInN0YXRlcyI6eyJkZWZhdWx0Ijp7fSwiaW5pdCI6eyJfaWQiOnRydWUsInVzZXJuYW1lIjp0cnVlLCJwYXNzd29yZCI6dHJ1ZSwiZGVwdElkIjp0cnVlLCJzdGF0ZSI6dHJ1ZSwicm9sZSI6dHJ1ZSwicm9sZUxpc3QiOnRydWUsImNyZWF0ZVRpbWUiOnRydWUsImxhc3RMb2dpblRpbWUiOnRydWUsIl9fdiI6dHJ1ZX19fSwic2tpcElkIjp0cnVlfSwiJGlzTmV3IjpmYWxzZSwiX2RvYyI6eyJfaWQiOiI2MzI4MTRjMDk5NzA5Y2NjZTFkY2FjMzAiLCJ1c2VybmFtZSI6InpweSIsInBhc3N3b3JkIjoiJDJhJDEwJHQ1QnN1SUxXM2dyLkY2SFAzZ2RjbmU4Z3FvdnE1b0drRjJPU2VHc243WVNUMjhlTkRVTlZLIiwiZGVwdElkIjpbXSwic3RhdGUiOjEsInJvbGUiOjEsInJvbGVMaXN0IjpbXSwiY3JlYXRlVGltZSI6IjIwMjItMDktMTlUMDc6MDQ6MzQuMDYxWiIsImxhc3RMb2dpblRpbWUiOiIyMDIyLTA5LTE5VDA3OjA0OjM0LjA2MVoiLCJfX3YiOjB9LCJpYXQiOjE2NjM2NDI3NDcsImV4cCI6MTY2MzcyOTE0N30.A_ldISWLKhNgynbMznhh_R8BdnYofYSnPzbiiFYxrck'
}
[2022-09-20T12:48:34.343] [INFO] info - {
  token: 'eyJhbGciOiJIUzI1NiIsInR5cCI6IkpXVCJ9.eyIkX18iOnsiYWN0aXZlUGF0aHMiOnsicGF0aHMiOnsiZGVwdElkIjoiaW5pdCIsInN0YXRlIjoiaW5pdCIsInJvbGUiOiJpbml0Iiwicm9sZUxpc3QiOiJpbml0IiwiY3JlYXRlVGltZSI6ImluaXQiLCJsYXN0TG9naW5UaW1lIjoiaW5pdCIsIl9pZCI6ImluaXQiLCJ1c2VybmFtZSI6ImluaXQiLCJwYXNzd29yZCI6ImluaXQiLCJfX3YiOiJpbml0In0sInN0YXRlcyI6eyJkZWZhdWx0Ijp7fSwiaW5pdCI6eyJfaWQiOnRydWUsInVzZXJuYW1lIjp0cnVlLCJwYXNzd29yZCI6dHJ1ZSwiZGVwdElkIjp0cnVlLCJzdGF0ZSI6dHJ1ZSwicm9sZSI6dHJ1ZSwicm9sZUxpc3QiOnRydWUsImNyZWF0ZVRpbWUiOnRydWUsImxhc3RMb2dpblRpbWUiOnRydWUsIl9fdiI6dHJ1ZX19fSwic2tpcElkIjp0cnVlfSwiJGlzTmV3IjpmYWxzZSwiX2RvYyI6eyJfaWQiOiI2MzI4MTRjMDk5NzA5Y2NjZTFkY2FjMzAiLCJ1c2VybmFtZSI6InpweSIsInBhc3N3b3JkIjoiJDJhJDEwJHQ1QnN1SUxXM2dyLkY2SFAzZ2RjbmU4Z3FvdnE1b0drRjJPU2VHc243WVNUMjhlTkRVTlZLIiwiZGVwdElkIjpbXSwic3RhdGUiOjEsInJvbGUiOjEsInJvbGVMaXN0IjpbXSwiY3JlYXRlVGltZSI6IjIwMjItMDktMTlUMDc6MDQ6MzQuMDYxWiIsImxhc3RMb2dpblRpbWUiOiIyMDIyLTA5LTE5VDA3OjA0OjM0LjA2MVoiLCJfX3YiOjB9LCJpYXQiOjE2NjM2NDkzMTQsImV4cCI6MTY2MzczNTcxNH0.uAo0CLTh1_QhH6dfjvyfgV9PLcwukUOfDScVSooSvB8',
  userInfo: {
    '$__': InternalCache { activePaths: [StateMachine], skipId: true },
    '$isNew': false,
    _doc: {
      _id: new ObjectId("632814c099709ccce1dcac30"),
      username: 'zpy',
      password: '$2a$10$t5BsuILW3gr.F6HP3gdcne8gqovq5oGkF2OSeGsn7YST28eNDUNVK',
      deptId: [],
      state: 1,
      role: 1,
      roleList: [],
      createTime: 2022-09-19T07:04:34.061Z,
      lastLoginTime: 2022-09-19T07:04:34.061Z,
      __v: 0
    }
  }
}
[2022-09-20T12:49:45.236] [INFO] info - {
  token: 'eyJhbGciOiJIUzI1NiIsInR5cCI6IkpXVCJ9.eyIkX18iOnsiYWN0aXZlUGF0aHMiOnsicGF0aHMiOnsiZGVwdElkIjoiaW5pdCIsInN0YXRlIjoiaW5pdCIsInJvbGUiOiJpbml0Iiwicm9sZUxpc3QiOiJpbml0IiwiY3JlYXRlVGltZSI6ImluaXQiLCJsYXN0TG9naW5UaW1lIjoiaW5pdCIsIl9pZCI6ImluaXQiLCJ1c2VybmFtZSI6ImluaXQiLCJwYXNzd29yZCI6ImluaXQiLCJfX3YiOiJpbml0In0sInN0YXRlcyI6eyJkZWZhdWx0Ijp7fSwiaW5pdCI6eyJfaWQiOnRydWUsInVzZXJuYW1lIjp0cnVlLCJwYXNzd29yZCI6dHJ1ZSwiZGVwdElkIjp0cnVlLCJzdGF0ZSI6dHJ1ZSwicm9sZSI6dHJ1ZSwicm9sZUxpc3QiOnRydWUsImNyZWF0ZVRpbWUiOnRydWUsImxhc3RMb2dpblRpbWUiOnRydWUsIl9fdiI6dHJ1ZX19fSwic2tpcElkIjp0cnVlfSwiJGlzTmV3IjpmYWxzZSwiX2RvYyI6eyJfaWQiOiI2MzI4MTRjMDk5NzA5Y2NjZTFkY2FjMzAiLCJ1c2VybmFtZSI6InpweSIsInBhc3N3b3JkIjoiJDJhJDEwJHQ1QnN1SUxXM2dyLkY2SFAzZ2RjbmU4Z3FvdnE1b0drRjJPU2VHc243WVNUMjhlTkRVTlZLIiwiZGVwdElkIjpbXSwic3RhdGUiOjEsInJvbGUiOjEsInJvbGVMaXN0IjpbXSwiY3JlYXRlVGltZSI6IjIwMjItMDktMTlUMDc6MDQ6MzQuMDYxWiIsImxhc3RMb2dpblRpbWUiOiIyMDIyLTA5LTE5VDA3OjA0OjM0LjA2MVoiLCJfX3YiOjB9LCJpYXQiOjE2NjM2NDkzODUsImV4cCI6MTY2MzczNTc4NX0.Jly3vjCLaAl1bvOWA-41Egh6_T53EFIejH4_cFSjfL8',
  userInfo: {
    '$__': InternalCache { activePaths: [StateMachine], skipId: true },
    '$isNew': false,
    _doc: {
      _id: new ObjectId("632814c099709ccce1dcac30"),
      username: 'zpy',
      password: '$2a$10$t5BsuILW3gr.F6HP3gdcne8gqovq5oGkF2OSeGsn7YST28eNDUNVK',
      deptId: [],
      state: 1,
      role: 1,
      roleList: [],
      createTime: 2022-09-19T07:04:34.061Z,
      lastLoginTime: 2022-09-19T07:04:34.061Z,
      __v: 0
    }
  }
}
[2022-09-20T12:51:05.776] [INFO] info - {
  token: 'eyJhbGciOiJIUzI1NiIsInR5cCI6IkpXVCJ9.eyIkX18iOnsiYWN0aXZlUGF0aHMiOnsicGF0aHMiOnsiZGVwdElkIjoiaW5pdCIsInN0YXRlIjoiaW5pdCIsInJvbGUiOiJpbml0Iiwicm9sZUxpc3QiOiJpbml0IiwiY3JlYXRlVGltZSI6ImluaXQiLCJsYXN0TG9naW5UaW1lIjoiaW5pdCIsIl9pZCI6ImluaXQiLCJ1c2VybmFtZSI6ImluaXQiLCJwYXNzd29yZCI6ImluaXQiLCJfX3YiOiJpbml0In0sInN0YXRlcyI6eyJkZWZhdWx0Ijp7fSwiaW5pdCI6eyJfaWQiOnRydWUsInVzZXJuYW1lIjp0cnVlLCJwYXNzd29yZCI6dHJ1ZSwiZGVwdElkIjp0cnVlLCJzdGF0ZSI6dHJ1ZSwicm9sZSI6dHJ1ZSwicm9sZUxpc3QiOnRydWUsImNyZWF0ZVRpbWUiOnRydWUsImxhc3RMb2dpblRpbWUiOnRydWUsIl9fdiI6dHJ1ZX19fSwic2tpcElkIjp0cnVlfSwiJGlzTmV3IjpmYWxzZSwiX2RvYyI6eyJfaWQiOiI2MzI4MTRjMDk5NzA5Y2NjZTFkY2FjMzAiLCJ1c2VybmFtZSI6InpweSIsInBhc3N3b3JkIjoiJDJhJDEwJHQ1QnN1SUxXM2dyLkY2SFAzZ2RjbmU4Z3FvdnE1b0drRjJPU2VHc243WVNUMjhlTkRVTlZLIiwiZGVwdElkIjpbXSwic3RhdGUiOjEsInJvbGUiOjEsInJvbGVMaXN0IjpbXSwiY3JlYXRlVGltZSI6IjIwMjItMDktMTlUMDc6MDQ6MzQuMDYxWiIsImxhc3RMb2dpblRpbWUiOiIyMDIyLTA5LTE5VDA3OjA0OjM0LjA2MVoiLCJfX3YiOjB9LCJpYXQiOjE2NjM2NDk0NjUsImV4cCI6MTY2MzczNTg2NX0.CuwOgham0SNtff42d5MHWYsanG_eEPIeR_quwnA2lzo',
  userInfo: {
    '$__': InternalCache { activePaths: [StateMachine], skipId: true },
    '$isNew': false,
    _doc: {
      _id: new ObjectId("632814c099709ccce1dcac30"),
      username: 'zpy',
      password: '$2a$10$t5BsuILW3gr.F6HP3gdcne8gqovq5oGkF2OSeGsn7YST28eNDUNVK',
      deptId: [],
      state: 1,
      role: 1,
      roleList: [],
      createTime: 2022-09-19T07:04:34.061Z,
      lastLoginTime: 2022-09-19T07:04:34.061Z,
      __v: 0
    }
  }
}
[2022-09-20T12:51:29.213] [INFO] info - {
  token: 'eyJhbGciOiJIUzI1NiIsInR5cCI6IkpXVCJ9.eyIkX18iOnsiYWN0aXZlUGF0aHMiOnsicGF0aHMiOnsiZGVwdElkIjoiaW5pdCIsInN0YXRlIjoiaW5pdCIsInJvbGUiOiJpbml0Iiwicm9sZUxpc3QiOiJpbml0IiwiY3JlYXRlVGltZSI6ImluaXQiLCJsYXN0TG9naW5UaW1lIjoiaW5pdCIsIl9pZCI6ImluaXQiLCJ1c2VybmFtZSI6ImluaXQiLCJwYXNzd29yZCI6ImluaXQiLCJfX3YiOiJpbml0In0sInN0YXRlcyI6eyJkZWZhdWx0Ijp7fSwiaW5pdCI6eyJfaWQiOnRydWUsInVzZXJuYW1lIjp0cnVlLCJwYXNzd29yZCI6dHJ1ZSwiZGVwdElkIjp0cnVlLCJzdGF0ZSI6dHJ1ZSwicm9sZSI6dHJ1ZSwicm9sZUxpc3QiOnRydWUsImNyZWF0ZVRpbWUiOnRydWUsImxhc3RMb2dpblRpbWUiOnRydWUsIl9fdiI6dHJ1ZX19fSwic2tpcElkIjp0cnVlfSwiJGlzTmV3IjpmYWxzZSwiX2RvYyI6eyJfaWQiOiI2MzI4MTRjMDk5NzA5Y2NjZTFkY2FjMzAiLCJ1c2VybmFtZSI6InpweSIsInBhc3N3b3JkIjoiJDJhJDEwJHQ1QnN1SUxXM2dyLkY2SFAzZ2RjbmU4Z3FvdnE1b0drRjJPU2VHc243WVNUMjhlTkRVTlZLIiwiZGVwdElkIjpbXSwic3RhdGUiOjEsInJvbGUiOjEsInJvbGVMaXN0IjpbXSwiY3JlYXRlVGltZSI6IjIwMjItMDktMTlUMDc6MDQ6MzQuMDYxWiIsImxhc3RMb2dpblRpbWUiOiIyMDIyLTA5LTE5VDA3OjA0OjM0LjA2MVoiLCJfX3YiOjB9LCJpYXQiOjE2NjM2NDk0ODksImV4cCI6MTY2MzczNTg4OX0.LE1Px-P7C86TunwS0oy6crFP-1gk7TKv9iFzRn7D3Ic',
  userInfo: {
    '$__': InternalCache { activePaths: [StateMachine], skipId: true },
    '$isNew': false,
    _doc: {
      _id: new ObjectId("632814c099709ccce1dcac30"),
      username: 'zpy',
      password: '$2a$10$t5BsuILW3gr.F6HP3gdcne8gqovq5oGkF2OSeGsn7YST28eNDUNVK',
      deptId: [],
      state: 1,
      role: 1,
      roleList: [],
      createTime: 2022-09-19T07:04:34.061Z,
      lastLoginTime: 2022-09-19T07:04:34.061Z,
      __v: 0
    }
  }
}
[2022-09-20T12:52:01.078] [INFO] info - {
  token: 'eyJhbGciOiJIUzI1NiIsInR5cCI6IkpXVCJ9.eyIkX18iOnsiYWN0aXZlUGF0aHMiOnsicGF0aHMiOnsiZGVwdElkIjoiaW5pdCIsInN0YXRlIjoiaW5pdCIsInJvbGUiOiJpbml0Iiwicm9sZUxpc3QiOiJpbml0IiwiY3JlYXRlVGltZSI6ImluaXQiLCJsYXN0TG9naW5UaW1lIjoiaW5pdCIsIl9pZCI6ImluaXQiLCJ1c2VybmFtZSI6ImluaXQiLCJwYXNzd29yZCI6ImluaXQiLCJfX3YiOiJpbml0In0sInN0YXRlcyI6eyJkZWZhdWx0Ijp7fSwiaW5pdCI6eyJfaWQiOnRydWUsInVzZXJuYW1lIjp0cnVlLCJwYXNzd29yZCI6dHJ1ZSwiZGVwdElkIjp0cnVlLCJzdGF0ZSI6dHJ1ZSwicm9sZSI6dHJ1ZSwicm9sZUxpc3QiOnRydWUsImNyZWF0ZVRpbWUiOnRydWUsImxhc3RMb2dpblRpbWUiOnRydWUsIl9fdiI6dHJ1ZX19fSwic2tpcElkIjp0cnVlfSwiJGlzTmV3IjpmYWxzZSwiX2RvYyI6eyJfaWQiOiI2MzI4MTRjMDk5NzA5Y2NjZTFkY2FjMzAiLCJ1c2VybmFtZSI6InpweSIsInBhc3N3b3JkIjoiJDJhJDEwJHQ1QnN1SUxXM2dyLkY2SFAzZ2RjbmU4Z3FvdnE1b0drRjJPU2VHc243WVNUMjhlTkRVTlZLIiwiZGVwdElkIjpbXSwic3RhdGUiOjEsInJvbGUiOjEsInJvbGVMaXN0IjpbXSwiY3JlYXRlVGltZSI6IjIwMjItMDktMTlUMDc6MDQ6MzQuMDYxWiIsImxhc3RMb2dpblRpbWUiOiIyMDIyLTA5LTE5VDA3OjA0OjM0LjA2MVoiLCJfX3YiOjB9LCJpYXQiOjE2NjM2NDk1MjEsImV4cCI6MTY2MzczNTkyMX0.3iFMD7866mFDBFPwG3r6fgvO7WA3cP8CCVTJJD3J5mY',
  userInfo: {
    '$__': InternalCache { activePaths: [StateMachine], skipId: true },
    '$isNew': false,
    _doc: {
      _id: new ObjectId("632814c099709ccce1dcac30"),
      username: 'zpy',
      password: '$2a$10$t5BsuILW3gr.F6HP3gdcne8gqovq5oGkF2OSeGsn7YST28eNDUNVK',
      deptId: [],
      state: 1,
      role: 1,
      roleList: [],
      createTime: 2022-09-19T07:04:34.061Z,
      lastLoginTime: 2022-09-19T07:04:34.061Z,
      __v: 0
    }
  }
}
[2022-09-20T12:52:10.381] [INFO] info - {
  token: 'eyJhbGciOiJIUzI1NiIsInR5cCI6IkpXVCJ9.eyIkX18iOnsiYWN0aXZlUGF0aHMiOnsicGF0aHMiOnsiZGVwdElkIjoiaW5pdCIsInN0YXRlIjoiaW5pdCIsInJvbGUiOiJpbml0Iiwicm9sZUxpc3QiOiJpbml0IiwiY3JlYXRlVGltZSI6ImluaXQiLCJsYXN0TG9naW5UaW1lIjoiaW5pdCIsIl9pZCI6ImluaXQiLCJ1c2VybmFtZSI6ImluaXQiLCJwYXNzd29yZCI6ImluaXQiLCJfX3YiOiJpbml0In0sInN0YXRlcyI6eyJkZWZhdWx0Ijp7fSwiaW5pdCI6eyJfaWQiOnRydWUsInVzZXJuYW1lIjp0cnVlLCJwYXNzd29yZCI6dHJ1ZSwiZGVwdElkIjp0cnVlLCJzdGF0ZSI6dHJ1ZSwicm9sZSI6dHJ1ZSwicm9sZUxpc3QiOnRydWUsImNyZWF0ZVRpbWUiOnRydWUsImxhc3RMb2dpblRpbWUiOnRydWUsIl9fdiI6dHJ1ZX19fSwic2tpcElkIjp0cnVlfSwiJGlzTmV3IjpmYWxzZSwiX2RvYyI6eyJfaWQiOiI2MzI4MTRjMDk5NzA5Y2NjZTFkY2FjMzAiLCJ1c2VybmFtZSI6InpweSIsInBhc3N3b3JkIjoiJDJhJDEwJHQ1QnN1SUxXM2dyLkY2SFAzZ2RjbmU4Z3FvdnE1b0drRjJPU2VHc243WVNUMjhlTkRVTlZLIiwiZGVwdElkIjpbXSwic3RhdGUiOjEsInJvbGUiOjEsInJvbGVMaXN0IjpbXSwiY3JlYXRlVGltZSI6IjIwMjItMDktMTlUMDc6MDQ6MzQuMDYxWiIsImxhc3RMb2dpblRpbWUiOiIyMDIyLTA5LTE5VDA3OjA0OjM0LjA2MVoiLCJfX3YiOjB9LCJpYXQiOjE2NjM2NDk1MzAsImV4cCI6MTY2MzczNTkzMH0.jKla0-NotvIXET-dubiIhlKo0ug-e0mdvec6CTLe7fE',
  userInfo: {
    '$__': InternalCache { activePaths: [StateMachine], skipId: true },
    '$isNew': false,
    _doc: {
      _id: new ObjectId("632814c099709ccce1dcac30"),
      username: 'zpy',
      password: '$2a$10$t5BsuILW3gr.F6HP3gdcne8gqovq5oGkF2OSeGsn7YST28eNDUNVK',
      deptId: [],
      state: 1,
      role: 1,
      roleList: [],
      createTime: 2022-09-19T07:04:34.061Z,
      lastLoginTime: 2022-09-19T07:04:34.061Z,
      __v: 0
    }
  }
}
[2022-09-20T12:52:27.949] [INFO] info - {
  token: 'eyJhbGciOiJIUzI1NiIsInR5cCI6IkpXVCJ9.eyIkX18iOnsiYWN0aXZlUGF0aHMiOnsicGF0aHMiOnsiZGVwdElkIjoiaW5pdCIsInN0YXRlIjoiaW5pdCIsInJvbGUiOiJpbml0Iiwicm9sZUxpc3QiOiJpbml0IiwiY3JlYXRlVGltZSI6ImluaXQiLCJsYXN0TG9naW5UaW1lIjoiaW5pdCIsIl9pZCI6ImluaXQiLCJ1c2VybmFtZSI6ImluaXQiLCJwYXNzd29yZCI6ImluaXQiLCJfX3YiOiJpbml0In0sInN0YXRlcyI6eyJkZWZhdWx0Ijp7fSwiaW5pdCI6eyJfaWQiOnRydWUsInVzZXJuYW1lIjp0cnVlLCJwYXNzd29yZCI6dHJ1ZSwiZGVwdElkIjp0cnVlLCJzdGF0ZSI6dHJ1ZSwicm9sZSI6dHJ1ZSwicm9sZUxpc3QiOnRydWUsImNyZWF0ZVRpbWUiOnRydWUsImxhc3RMb2dpblRpbWUiOnRydWUsIl9fdiI6dHJ1ZX19fSwic2tpcElkIjp0cnVlfSwiJGlzTmV3IjpmYWxzZSwiX2RvYyI6eyJfaWQiOiI2MzI4MTRjMDk5NzA5Y2NjZTFkY2FjMzAiLCJ1c2VybmFtZSI6InpweSIsInBhc3N3b3JkIjoiJDJhJDEwJHQ1QnN1SUxXM2dyLkY2SFAzZ2RjbmU4Z3FvdnE1b0drRjJPU2VHc243WVNUMjhlTkRVTlZLIiwiZGVwdElkIjpbXSwic3RhdGUiOjEsInJvbGUiOjEsInJvbGVMaXN0IjpbXSwiY3JlYXRlVGltZSI6IjIwMjItMDktMTlUMDc6MDQ6MzQuMDYxWiIsImxhc3RMb2dpblRpbWUiOiIyMDIyLTA5LTE5VDA3OjA0OjM0LjA2MVoiLCJfX3YiOjB9LCJpYXQiOjE2NjM2NDk1NDcsImV4cCI6MTY2MzczNTk0N30.mFjgVUx5kEkQcCiegl3SSds_f9a8Tc6_BZPOtDYldeQ'
}
[2022-09-20T12:52:50.790] [INFO] info - {
  token: 'eyJhbGciOiJIUzI1NiIsInR5cCI6IkpXVCJ9.eyIkX18iOnsiYWN0aXZlUGF0aHMiOnsicGF0aHMiOnsiZGVwdElkIjoiaW5pdCIsInN0YXRlIjoiaW5pdCIsInJvbGUiOiJpbml0Iiwicm9sZUxpc3QiOiJpbml0IiwiY3JlYXRlVGltZSI6ImluaXQiLCJsYXN0TG9naW5UaW1lIjoiaW5pdCIsIl9pZCI6ImluaXQiLCJ1c2VybmFtZSI6ImluaXQiLCJwYXNzd29yZCI6ImluaXQiLCJfX3YiOiJpbml0In0sInN0YXRlcyI6eyJkZWZhdWx0Ijp7fSwiaW5pdCI6eyJfaWQiOnRydWUsInVzZXJuYW1lIjp0cnVlLCJwYXNzd29yZCI6dHJ1ZSwiZGVwdElkIjp0cnVlLCJzdGF0ZSI6dHJ1ZSwicm9sZSI6dHJ1ZSwicm9sZUxpc3QiOnRydWUsImNyZWF0ZVRpbWUiOnRydWUsImxhc3RMb2dpblRpbWUiOnRydWUsIl9fdiI6dHJ1ZX19fSwic2tpcElkIjp0cnVlfSwiJGlzTmV3IjpmYWxzZSwiX2RvYyI6eyJfaWQiOiI2MzI4MTRjMDk5NzA5Y2NjZTFkY2FjMzAiLCJ1c2VybmFtZSI6InpweSIsInBhc3N3b3JkIjoiJDJhJDEwJHQ1QnN1SUxXM2dyLkY2SFAzZ2RjbmU4Z3FvdnE1b0drRjJPU2VHc243WVNUMjhlTkRVTlZLIiwiZGVwdElkIjpbXSwic3RhdGUiOjEsInJvbGUiOjEsInJvbGVMaXN0IjpbXSwiY3JlYXRlVGltZSI6IjIwMjItMDktMTlUMDc6MDQ6MzQuMDYxWiIsImxhc3RMb2dpblRpbWUiOiIyMDIyLTA5LTE5VDA3OjA0OjM0LjA2MVoiLCJfX3YiOjB9LCJpYXQiOjE2NjM2NDk1NzAsImV4cCI6MTY2MzczNTk3MH0.vCAT9AitQobxizGpQ4wA8Am8xQfpewqXejK1prSb5gY'
}
[2022-09-20T12:53:12.043] [INFO] info - {
  token: 'eyJhbGciOiJIUzI1NiIsInR5cCI6IkpXVCJ9.eyIkX18iOnsiYWN0aXZlUGF0aHMiOnsicGF0aHMiOnsiZGVwdElkIjoiaW5pdCIsInN0YXRlIjoiaW5pdCIsInJvbGUiOiJpbml0Iiwicm9sZUxpc3QiOiJpbml0IiwiY3JlYXRlVGltZSI6ImluaXQiLCJsYXN0TG9naW5UaW1lIjoiaW5pdCIsIl9pZCI6ImluaXQiLCJ1c2VybmFtZSI6ImluaXQiLCJwYXNzd29yZCI6ImluaXQiLCJfX3YiOiJpbml0In0sInN0YXRlcyI6eyJkZWZhdWx0Ijp7fSwiaW5pdCI6eyJfaWQiOnRydWUsInVzZXJuYW1lIjp0cnVlLCJwYXNzd29yZCI6dHJ1ZSwiZGVwdElkIjp0cnVlLCJzdGF0ZSI6dHJ1ZSwicm9sZSI6dHJ1ZSwicm9sZUxpc3QiOnRydWUsImNyZWF0ZVRpbWUiOnRydWUsImxhc3RMb2dpblRpbWUiOnRydWUsIl9fdiI6dHJ1ZX19fSwic2tpcElkIjp0cnVlfSwiJGlzTmV3IjpmYWxzZSwiX2RvYyI6eyJfaWQiOiI2MzI4MTRjMDk5NzA5Y2NjZTFkY2FjMzAiLCJ1c2VybmFtZSI6InpweSIsInBhc3N3b3JkIjoiJDJhJDEwJHQ1QnN1SUxXM2dyLkY2SFAzZ2RjbmU4Z3FvdnE1b0drRjJPU2VHc243WVNUMjhlTkRVTlZLIiwiZGVwdElkIjpbXSwic3RhdGUiOjEsInJvbGUiOjEsInJvbGVMaXN0IjpbXSwiY3JlYXRlVGltZSI6IjIwMjItMDktMTlUMDc6MDQ6MzQuMDYxWiIsImxhc3RMb2dpblRpbWUiOiIyMDIyLTA5LTE5VDA3OjA0OjM0LjA2MVoiLCJfX3YiOjB9LCJpYXQiOjE2NjM2NDk1OTIsImV4cCI6MTY2MzczNTk5Mn0.1dj_ZtySEa8F6y0W9S6ZPkD2iSZNgZJrfYgj0Ycp_lI'
}
[2022-09-20T12:56:46.735] [INFO] info - {
  token: 'eyJhbGciOiJIUzI1NiIsInR5cCI6IkpXVCJ9.eyIkX18iOnsiYWN0aXZlUGF0aHMiOnsicGF0aHMiOnsiZGVwdElkIjoiaW5pdCIsInN0YXRlIjoiaW5pdCIsInJvbGUiOiJpbml0Iiwicm9sZUxpc3QiOiJpbml0IiwiY3JlYXRlVGltZSI6ImluaXQiLCJsYXN0TG9naW5UaW1lIjoiaW5pdCIsIl9pZCI6ImluaXQiLCJ1c2VybmFtZSI6ImluaXQiLCJwYXNzd29yZCI6ImluaXQiLCJfX3YiOiJpbml0In0sInN0YXRlcyI6eyJkZWZhdWx0Ijp7fSwiaW5pdCI6eyJfaWQiOnRydWUsInVzZXJuYW1lIjp0cnVlLCJwYXNzd29yZCI6dHJ1ZSwiZGVwdElkIjp0cnVlLCJzdGF0ZSI6dHJ1ZSwicm9sZSI6dHJ1ZSwicm9sZUxpc3QiOnRydWUsImNyZWF0ZVRpbWUiOnRydWUsImxhc3RMb2dpblRpbWUiOnRydWUsIl9fdiI6dHJ1ZX19fSwic2tpcElkIjp0cnVlfSwiJGlzTmV3IjpmYWxzZSwiX2RvYyI6eyJfaWQiOiI2MzI4MTRjMDk5NzA5Y2NjZTFkY2FjMzAiLCJ1c2VybmFtZSI6InpweSIsInBhc3N3b3JkIjoiJDJhJDEwJHQ1QnN1SUxXM2dyLkY2SFAzZ2RjbmU4Z3FvdnE1b0drRjJPU2VHc243WVNUMjhlTkRVTlZLIiwiZGVwdElkIjpbXSwic3RhdGUiOjEsInJvbGUiOjEsInJvbGVMaXN0IjpbXSwiY3JlYXRlVGltZSI6IjIwMjItMDktMTlUMDc6MDQ6MzQuMDYxWiIsImxhc3RMb2dpblRpbWUiOiIyMDIyLTA5LTE5VDA3OjA0OjM0LjA2MVoiLCJfX3YiOjB9LCJpYXQiOjE2NjM2NDk4MDYsImV4cCI6MTY2MzczNjIwNn0.9wGElWL9UdlJYZ9dGfVSHvKiAPoGuWbMmTaNiGgWxuM'
}
[2022-09-20T12:57:06.134] [INFO] info - {
  token: 'eyJhbGciOiJIUzI1NiIsInR5cCI6IkpXVCJ9.eyIkX18iOnsiYWN0aXZlUGF0aHMiOnsicGF0aHMiOnsiZGVwdElkIjoiaW5pdCIsInN0YXRlIjoiaW5pdCIsInJvbGUiOiJpbml0Iiwicm9sZUxpc3QiOiJpbml0IiwiY3JlYXRlVGltZSI6ImluaXQiLCJsYXN0TG9naW5UaW1lIjoiaW5pdCIsIl9pZCI6ImluaXQiLCJ1c2VybmFtZSI6ImluaXQiLCJwYXNzd29yZCI6ImluaXQiLCJfX3YiOiJpbml0In0sInN0YXRlcyI6eyJkZWZhdWx0Ijp7fSwiaW5pdCI6eyJfaWQiOnRydWUsInVzZXJuYW1lIjp0cnVlLCJwYXNzd29yZCI6dHJ1ZSwiZGVwdElkIjp0cnVlLCJzdGF0ZSI6dHJ1ZSwicm9sZSI6dHJ1ZSwicm9sZUxpc3QiOnRydWUsImNyZWF0ZVRpbWUiOnRydWUsImxhc3RMb2dpblRpbWUiOnRydWUsIl9fdiI6dHJ1ZX19fSwic2tpcElkIjp0cnVlfSwiJGlzTmV3IjpmYWxzZSwiX2RvYyI6eyJfaWQiOiI2MzI4MTRjMDk5NzA5Y2NjZTFkY2FjMzAiLCJ1c2VybmFtZSI6InpweSIsInBhc3N3b3JkIjoiJDJhJDEwJHQ1QnN1SUxXM2dyLkY2SFAzZ2RjbmU4Z3FvdnE1b0drRjJPU2VHc243WVNUMjhlTkRVTlZLIiwiZGVwdElkIjpbXSwic3RhdGUiOjEsInJvbGUiOjEsInJvbGVMaXN0IjpbXSwiY3JlYXRlVGltZSI6IjIwMjItMDktMTlUMDc6MDQ6MzQuMDYxWiIsImxhc3RMb2dpblRpbWUiOiIyMDIyLTA5LTE5VDA3OjA0OjM0LjA2MVoiLCJfX3YiOjB9LCJpYXQiOjE2NjM2NDk4MjYsImV4cCI6MTY2MzczNjIyNn0.DbpRiyeXG6t6OfrhhF_tbH463-CPUjqAtV4tLlmTF40'
}
[2022-09-20T12:57:19.098] [INFO] info - {
  token: 'eyJhbGciOiJIUzI1NiIsInR5cCI6IkpXVCJ9.eyIkX18iOnsiYWN0aXZlUGF0aHMiOnsicGF0aHMiOnsiZGVwdElkIjoiaW5pdCIsInN0YXRlIjoiaW5pdCIsInJvbGUiOiJpbml0Iiwicm9sZUxpc3QiOiJpbml0IiwiY3JlYXRlVGltZSI6ImluaXQiLCJsYXN0TG9naW5UaW1lIjoiaW5pdCIsIl9pZCI6ImluaXQiLCJ1c2VybmFtZSI6ImluaXQiLCJwYXNzd29yZCI6ImluaXQiLCJfX3YiOiJpbml0In0sInN0YXRlcyI6eyJkZWZhdWx0Ijp7fSwiaW5pdCI6eyJfaWQiOnRydWUsInVzZXJuYW1lIjp0cnVlLCJwYXNzd29yZCI6dHJ1ZSwiZGVwdElkIjp0cnVlLCJzdGF0ZSI6dHJ1ZSwicm9sZSI6dHJ1ZSwicm9sZUxpc3QiOnRydWUsImNyZWF0ZVRpbWUiOnRydWUsImxhc3RMb2dpblRpbWUiOnRydWUsIl9fdiI6dHJ1ZX19fSwic2tpcElkIjp0cnVlfSwiJGlzTmV3IjpmYWxzZSwiX2RvYyI6eyJfaWQiOiI2MzI4MTRjMDk5NzA5Y2NjZTFkY2FjMzAiLCJ1c2VybmFtZSI6InpweSIsInBhc3N3b3JkIjoiJDJhJDEwJHQ1QnN1SUxXM2dyLkY2SFAzZ2RjbmU4Z3FvdnE1b0drRjJPU2VHc243WVNUMjhlTkRVTlZLIiwiZGVwdElkIjpbXSwic3RhdGUiOjEsInJvbGUiOjEsInJvbGVMaXN0IjpbXSwiY3JlYXRlVGltZSI6IjIwMjItMDktMTlUMDc6MDQ6MzQuMDYxWiIsImxhc3RMb2dpblRpbWUiOiIyMDIyLTA5LTE5VDA3OjA0OjM0LjA2MVoiLCJfX3YiOjB9LCJpYXQiOjE2NjM2NDk4MzksImV4cCI6MTY2MzczNjIzOX0.2qdEYFACtQV42D15j3RdtNykKRfB0W9bLTchVvJoZMc'
}
[2022-09-20T12:57:36.120] [INFO] info - {
  token: 'eyJhbGciOiJIUzI1NiIsInR5cCI6IkpXVCJ9.eyIkX18iOnsiYWN0aXZlUGF0aHMiOnsicGF0aHMiOnsiZGVwdElkIjoiaW5pdCIsInN0YXRlIjoiaW5pdCIsInJvbGUiOiJpbml0Iiwicm9sZUxpc3QiOiJpbml0IiwiY3JlYXRlVGltZSI6ImluaXQiLCJsYXN0TG9naW5UaW1lIjoiaW5pdCIsIl9pZCI6ImluaXQiLCJ1c2VybmFtZSI6ImluaXQiLCJwYXNzd29yZCI6ImluaXQiLCJfX3YiOiJpbml0In0sInN0YXRlcyI6eyJkZWZhdWx0Ijp7fSwiaW5pdCI6eyJfaWQiOnRydWUsInVzZXJuYW1lIjp0cnVlLCJwYXNzd29yZCI6dHJ1ZSwiZGVwdElkIjp0cnVlLCJzdGF0ZSI6dHJ1ZSwicm9sZSI6dHJ1ZSwicm9sZUxpc3QiOnRydWUsImNyZWF0ZVRpbWUiOnRydWUsImxhc3RMb2dpblRpbWUiOnRydWUsIl9fdiI6dHJ1ZX19fSwic2tpcElkIjp0cnVlfSwiJGlzTmV3IjpmYWxzZSwiX2RvYyI6eyJfaWQiOiI2MzI4MTRjMDk5NzA5Y2NjZTFkY2FjMzAiLCJ1c2VybmFtZSI6InpweSIsInBhc3N3b3JkIjoiJDJhJDEwJHQ1QnN1SUxXM2dyLkY2SFAzZ2RjbmU4Z3FvdnE1b0drRjJPU2VHc243WVNUMjhlTkRVTlZLIiwiZGVwdElkIjpbXSwic3RhdGUiOjEsInJvbGUiOjEsInJvbGVMaXN0IjpbXSwiY3JlYXRlVGltZSI6IjIwMjItMDktMTlUMDc6MDQ6MzQuMDYxWiIsImxhc3RMb2dpblRpbWUiOiIyMDIyLTA5LTE5VDA3OjA0OjM0LjA2MVoiLCJfX3YiOjB9LCJpYXQiOjE2NjM2NDk4NTYsImV4cCI6MTY2MzczNjI1Nn0.b8bN5EgJHRZ17WwgOkqoPQU2Cp7dJD-J-79MQzXuoBY',
  userInfo: { username: 'zpy', deptId: [], state: 1, role: 1, roleList: [] }
}
[2022-09-20T12:59:48.622] [INFO] info - {
  token: 'eyJhbGciOiJIUzI1NiIsInR5cCI6IkpXVCJ9.eyIkX18iOnsiYWN0aXZlUGF0aHMiOnsicGF0aHMiOnsiZGVwdElkIjoiaW5pdCIsInN0YXRlIjoiaW5pdCIsInJvbGUiOiJpbml0Iiwicm9sZUxpc3QiOiJpbml0IiwiY3JlYXRlVGltZSI6ImluaXQiLCJsYXN0TG9naW5UaW1lIjoiaW5pdCIsIl9pZCI6ImluaXQiLCJ1c2VybmFtZSI6ImluaXQiLCJwYXNzd29yZCI6ImluaXQiLCJfX3YiOiJpbml0In0sInN0YXRlcyI6eyJkZWZhdWx0Ijp7fSwiaW5pdCI6eyJfaWQiOnRydWUsInVzZXJuYW1lIjp0cnVlLCJwYXNzd29yZCI6dHJ1ZSwiZGVwdElkIjp0cnVlLCJzdGF0ZSI6dHJ1ZSwicm9sZSI6dHJ1ZSwicm9sZUxpc3QiOnRydWUsImNyZWF0ZVRpbWUiOnRydWUsImxhc3RMb2dpblRpbWUiOnRydWUsIl9fdiI6dHJ1ZX19fSwic2tpcElkIjp0cnVlfSwiJGlzTmV3IjpmYWxzZSwiX2RvYyI6eyJfaWQiOiI2MzI4MTRjMDk5NzA5Y2NjZTFkY2FjMzAiLCJ1c2VybmFtZSI6InpweSIsInBhc3N3b3JkIjoiJDJhJDEwJHQ1QnN1SUxXM2dyLkY2SFAzZ2RjbmU4Z3FvdnE1b0drRjJPU2VHc243WVNUMjhlTkRVTlZLIiwiZGVwdElkIjpbXSwic3RhdGUiOjEsInJvbGUiOjEsInJvbGVMaXN0IjpbXSwiY3JlYXRlVGltZSI6IjIwMjItMDktMTlUMDc6MDQ6MzQuMDYxWiIsImxhc3RMb2dpblRpbWUiOiIyMDIyLTA5LTE5VDA3OjA0OjM0LjA2MVoiLCJfX3YiOjB9LCJpYXQiOjE2NjM2NDk5ODgsImV4cCI6MTY2MzczNjM4OH0.jHeRfX6trnrAN4e60pgnwTmJ_t3J47EYPAs_eDOmd_U',
  userInfo: { username: 'zpy', deptId: [], state: 1, role: 1, roleList: [] }
}
[2022-09-20T12:59:53.742] [INFO] info - {
  token: 'eyJhbGciOiJIUzI1NiIsInR5cCI6IkpXVCJ9.eyIkX18iOnsiYWN0aXZlUGF0aHMiOnsicGF0aHMiOnsiZGVwdElkIjoiaW5pdCIsInN0YXRlIjoiaW5pdCIsInJvbGUiOiJpbml0Iiwicm9sZUxpc3QiOiJpbml0IiwiY3JlYXRlVGltZSI6ImluaXQiLCJsYXN0TG9naW5UaW1lIjoiaW5pdCIsIl9pZCI6ImluaXQiLCJ1c2VybmFtZSI6ImluaXQiLCJwYXNzd29yZCI6ImluaXQiLCJfX3YiOiJpbml0In0sInN0YXRlcyI6eyJkZWZhdWx0Ijp7fSwiaW5pdCI6eyJfaWQiOnRydWUsInVzZXJuYW1lIjp0cnVlLCJwYXNzd29yZCI6dHJ1ZSwiZGVwdElkIjp0cnVlLCJzdGF0ZSI6dHJ1ZSwicm9sZSI6dHJ1ZSwicm9sZUxpc3QiOnRydWUsImNyZWF0ZVRpbWUiOnRydWUsImxhc3RMb2dpblRpbWUiOnRydWUsIl9fdiI6dHJ1ZX19fSwic2tpcElkIjp0cnVlfSwiJGlzTmV3IjpmYWxzZSwiX2RvYyI6eyJfaWQiOiI2MzI4MTRjMDk5NzA5Y2NjZTFkY2FjMzAiLCJ1c2VybmFtZSI6InpweSIsInBhc3N3b3JkIjoiJDJhJDEwJHQ1QnN1SUxXM2dyLkY2SFAzZ2RjbmU4Z3FvdnE1b0drRjJPU2VHc243WVNUMjhlTkRVTlZLIiwiZGVwdElkIjpbXSwic3RhdGUiOjEsInJvbGUiOjEsInJvbGVMaXN0IjpbXSwiY3JlYXRlVGltZSI6IjIwMjItMDktMTlUMDc6MDQ6MzQuMDYxWiIsImxhc3RMb2dpblRpbWUiOiIyMDIyLTA5LTE5VDA3OjA0OjM0LjA2MVoiLCJfX3YiOjB9LCJpYXQiOjE2NjM2NDk5OTMsImV4cCI6MTY2MzczNjM5M30.bOhTLL5rG2Dpd6-3bsE2eL0_-kfmcueoH3Ja1tc4KnM',
  userInfo: { username: 'zpy', deptId: [], state: 1, role: 1, roleList: [] }
}
[2022-09-20T13:16:20.669] [INFO] info - {
  token: 'eyJhbGciOiJIUzI1NiIsInR5cCI6IkpXVCJ9.eyIkX18iOnsiYWN0aXZlUGF0aHMiOnsicGF0aHMiOnsiZGVwdElkIjoiaW5pdCIsInN0YXRlIjoiaW5pdCIsInJvbGUiOiJpbml0Iiwicm9sZUxpc3QiOiJpbml0IiwiY3JlYXRlVGltZSI6ImluaXQiLCJsYXN0TG9naW5UaW1lIjoiaW5pdCIsIl9pZCI6ImluaXQiLCJ1c2VybmFtZSI6ImluaXQiLCJwYXNzd29yZCI6ImluaXQiLCJfX3YiOiJpbml0In0sInN0YXRlcyI6eyJkZWZhdWx0Ijp7fSwiaW5pdCI6eyJfaWQiOnRydWUsInVzZXJuYW1lIjp0cnVlLCJwYXNzd29yZCI6dHJ1ZSwiZGVwdElkIjp0cnVlLCJzdGF0ZSI6dHJ1ZSwicm9sZSI6dHJ1ZSwicm9sZUxpc3QiOnRydWUsImNyZWF0ZVRpbWUiOnRydWUsImxhc3RMb2dpblRpbWUiOnRydWUsIl9fdiI6dHJ1ZX19fSwic2tpcElkIjp0cnVlfSwiJGlzTmV3IjpmYWxzZSwiX2RvYyI6eyJfaWQiOiI2MzI4MTRjMDk5NzA5Y2NjZTFkY2FjMzAiLCJ1c2VybmFtZSI6InpweSIsInBhc3N3b3JkIjoiJDJhJDEwJHQ1QnN1SUxXM2dyLkY2SFAzZ2RjbmU4Z3FvdnE1b0drRjJPU2VHc243WVNUMjhlTkRVTlZLIiwiZGVwdElkIjpbXSwic3RhdGUiOjEsInJvbGUiOjEsInJvbGVMaXN0IjpbXSwiY3JlYXRlVGltZSI6IjIwMjItMDktMTlUMDc6MDQ6MzQuMDYxWiIsImxhc3RMb2dpblRpbWUiOiIyMDIyLTA5LTE5VDA3OjA0OjM0LjA2MVoiLCJfX3YiOjB9LCJpYXQiOjE2NjM2NTA5ODAsImV4cCI6MTY2MzczNzM4MH0.vM2IidJCNFZKpipEuJuJCCJyU3EJnhyCwgyxzP2AooA',
  userInfo: { username: 'zpy', deptId: [], state: 1, role: 1, roleList: [] }
}
[2022-09-20T13:22:13.721] [INFO] info - {
  username: undefined,
  deptId: undefined,
  state: undefined,
  role: undefined,
  roleList: undefined
}
[2022-09-20T13:22:52.115] [INFO] info - {
  username: undefined,
  deptId: undefined,
  state: undefined,
  role: undefined,
  roleList: undefined
}
[2022-09-20T13:23:08.780] [INFO] info - { username: 'zpy', deptId: [], state: 1, role: 1, roleList: [] }
[2022-09-20T14:01:09.893] [INFO] info - {
  token: 'eyJhbGciOiJIUzI1NiIsInR5cCI6IkpXVCJ9.eyIkX18iOnsiYWN0aXZlUGF0aHMiOnsicGF0aHMiOnsiZGVwdElkIjoiaW5pdCIsInN0YXRlIjoiaW5pdCIsInJvbGUiOiJpbml0Iiwicm9sZUxpc3QiOiJpbml0IiwiY3JlYXRlVGltZSI6ImluaXQiLCJsYXN0TG9naW5UaW1lIjoiaW5pdCIsIl9pZCI6ImluaXQiLCJ1c2VybmFtZSI6ImluaXQiLCJwYXNzd29yZCI6ImluaXQiLCJfX3YiOiJpbml0In0sInN0YXRlcyI6eyJkZWZhdWx0Ijp7fSwiaW5pdCI6eyJfaWQiOnRydWUsInVzZXJuYW1lIjp0cnVlLCJwYXNzd29yZCI6dHJ1ZSwiZGVwdElkIjp0cnVlLCJzdGF0ZSI6dHJ1ZSwicm9sZSI6dHJ1ZSwicm9sZUxpc3QiOnRydWUsImNyZWF0ZVRpbWUiOnRydWUsImxhc3RMb2dpblRpbWUiOnRydWUsIl9fdiI6dHJ1ZX19fSwic2tpcElkIjp0cnVlfSwiJGlzTmV3IjpmYWxzZSwiX2RvYyI6eyJfaWQiOiI2MzI4MTRjMDk5NzA5Y2NjZTFkY2FjMzAiLCJ1c2VybmFtZSI6InpweSIsInBhc3N3b3JkIjoiJDJhJDEwJHQ1QnN1SUxXM2dyLkY2SFAzZ2RjbmU4Z3FvdnE1b0drRjJPU2VHc243WVNUMjhlTkRVTlZLIiwiZGVwdElkIjpbXSwic3RhdGUiOjEsInJvbGUiOjEsInJvbGVMaXN0IjpbXSwiY3JlYXRlVGltZSI6IjIwMjItMDktMTlUMDc6MDQ6MzQuMDYxWiIsImxhc3RMb2dpblRpbWUiOiIyMDIyLTA5LTE5VDA3OjA0OjM0LjA2MVoiLCJfX3YiOjB9LCJpYXQiOjE2NjM2NTM2NjksImV4cCI6MTY2Mzc0MDA2OX0.8hvl4Lj8F0e8zhTuou007up-aBJtEmGg4FcKnnFUE6A',
  userInfo: { username: 'zpy', deptId: [], state: 1, role: 1, roleList: [] }
}
[2022-09-20T14:01:09.902] [INFO] info - { username: 'zpy', deptId: [], state: 1, role: 1, roleList: [] }
[2022-09-20T14:01:24.993] [INFO] info - {
  token: 'eyJhbGciOiJIUzI1NiIsInR5cCI6IkpXVCJ9.eyIkX18iOnsiYWN0aXZlUGF0aHMiOnsicGF0aHMiOnsiZGVwdElkIjoiaW5pdCIsInN0YXRlIjoiaW5pdCIsInJvbGUiOiJpbml0Iiwicm9sZUxpc3QiOiJpbml0IiwiY3JlYXRlVGltZSI6ImluaXQiLCJsYXN0TG9naW5UaW1lIjoiaW5pdCIsIl9pZCI6ImluaXQiLCJ1c2VybmFtZSI6ImluaXQiLCJwYXNzd29yZCI6ImluaXQiLCJfX3YiOiJpbml0In0sInN0YXRlcyI6eyJkZWZhdWx0Ijp7fSwiaW5pdCI6eyJfaWQiOnRydWUsInVzZXJuYW1lIjp0cnVlLCJwYXNzd29yZCI6dHJ1ZSwiZGVwdElkIjp0cnVlLCJzdGF0ZSI6dHJ1ZSwicm9sZSI6dHJ1ZSwicm9sZUxpc3QiOnRydWUsImNyZWF0ZVRpbWUiOnRydWUsImxhc3RMb2dpblRpbWUiOnRydWUsIl9fdiI6dHJ1ZX19fSwic2tpcElkIjp0cnVlfSwiJGlzTmV3IjpmYWxzZSwiX2RvYyI6eyJfaWQiOiI2MzI4MTRjMDk5NzA5Y2NjZTFkY2FjMzAiLCJ1c2VybmFtZSI6InpweSIsInBhc3N3b3JkIjoiJDJhJDEwJHQ1QnN1SUxXM2dyLkY2SFAzZ2RjbmU4Z3FvdnE1b0drRjJPU2VHc243WVNUMjhlTkRVTlZLIiwiZGVwdElkIjpbXSwic3RhdGUiOjEsInJvbGUiOjEsInJvbGVMaXN0IjpbXSwiY3JlYXRlVGltZSI6IjIwMjItMDktMTlUMDc6MDQ6MzQuMDYxWiIsImxhc3RMb2dpblRpbWUiOiIyMDIyLTA5LTE5VDA3OjA0OjM0LjA2MVoiLCJfX3YiOjB9LCJpYXQiOjE2NjM2NTM2ODQsImV4cCI6MTY2Mzc0MDA4NH0.A54iLUfoLeuPdoIrdgqDfwn2_U8kgKiGffK317pFG5s',
  userInfo: { username: 'zpy', deptId: [], state: 1, role: 1, roleList: [] }
}
[2022-09-20T14:01:25.003] [INFO] info - { username: 'zpy', deptId: [], state: 1, role: 1, roleList: [] }
[2022-09-20T14:01:28.052] [INFO] info - {
  token: 'eyJhbGciOiJIUzI1NiIsInR5cCI6IkpXVCJ9.eyIkX18iOnsiYWN0aXZlUGF0aHMiOnsicGF0aHMiOnsiZGVwdElkIjoiaW5pdCIsInN0YXRlIjoiaW5pdCIsInJvbGUiOiJpbml0Iiwicm9sZUxpc3QiOiJpbml0IiwiY3JlYXRlVGltZSI6ImluaXQiLCJsYXN0TG9naW5UaW1lIjoiaW5pdCIsIl9pZCI6ImluaXQiLCJ1c2VybmFtZSI6ImluaXQiLCJwYXNzd29yZCI6ImluaXQiLCJfX3YiOiJpbml0In0sInN0YXRlcyI6eyJkZWZhdWx0Ijp7fSwiaW5pdCI6eyJfaWQiOnRydWUsInVzZXJuYW1lIjp0cnVlLCJwYXNzd29yZCI6dHJ1ZSwiZGVwdElkIjp0cnVlLCJzdGF0ZSI6dHJ1ZSwicm9sZSI6dHJ1ZSwicm9sZUxpc3QiOnRydWUsImNyZWF0ZVRpbWUiOnRydWUsImxhc3RMb2dpblRpbWUiOnRydWUsIl9fdiI6dHJ1ZX19fSwic2tpcElkIjp0cnVlfSwiJGlzTmV3IjpmYWxzZSwiX2RvYyI6eyJfaWQiOiI2MzI4MTRjMDk5NzA5Y2NjZTFkY2FjMzAiLCJ1c2VybmFtZSI6InpweSIsInBhc3N3b3JkIjoiJDJhJDEwJHQ1QnN1SUxXM2dyLkY2SFAzZ2RjbmU4Z3FvdnE1b0drRjJPU2VHc243WVNUMjhlTkRVTlZLIiwiZGVwdElkIjpbXSwic3RhdGUiOjEsInJvbGUiOjEsInJvbGVMaXN0IjpbXSwiY3JlYXRlVGltZSI6IjIwMjItMDktMTlUMDc6MDQ6MzQuMDYxWiIsImxhc3RMb2dpblRpbWUiOiIyMDIyLTA5LTE5VDA3OjA0OjM0LjA2MVoiLCJfX3YiOjB9LCJpYXQiOjE2NjM2NTM2ODgsImV4cCI6MTY2Mzc0MDA4OH0.7GYY4ceAT1vCpMz0KrARmDHUgBNYsRhxg7LCjN6ltlE',
  userInfo: { username: 'zpy', deptId: [], state: 1, role: 1, roleList: [] }
}
[2022-09-20T14:01:40.572] [INFO] info - { username: 'zpy', deptId: [], state: 1, role: 1, roleList: [] }
[2022-09-20T14:02:46.267] [INFO] info - {
  token: 'eyJhbGciOiJIUzI1NiIsInR5cCI6IkpXVCJ9.eyIkX18iOnsiYWN0aXZlUGF0aHMiOnsicGF0aHMiOnsiZGVwdElkIjoiaW5pdCIsInN0YXRlIjoiaW5pdCIsInJvbGUiOiJpbml0Iiwicm9sZUxpc3QiOiJpbml0IiwiY3JlYXRlVGltZSI6ImluaXQiLCJsYXN0TG9naW5UaW1lIjoiaW5pdCIsIl9pZCI6ImluaXQiLCJ1c2VybmFtZSI6ImluaXQiLCJwYXNzd29yZCI6ImluaXQiLCJfX3YiOiJpbml0In0sInN0YXRlcyI6eyJkZWZhdWx0Ijp7fSwiaW5pdCI6eyJfaWQiOnRydWUsInVzZXJuYW1lIjp0cnVlLCJwYXNzd29yZCI6dHJ1ZSwiZGVwdElkIjp0cnVlLCJzdGF0ZSI6dHJ1ZSwicm9sZSI6dHJ1ZSwicm9sZUxpc3QiOnRydWUsImNyZWF0ZVRpbWUiOnRydWUsImxhc3RMb2dpblRpbWUiOnRydWUsIl9fdiI6dHJ1ZX19fSwic2tpcElkIjp0cnVlfSwiJGlzTmV3IjpmYWxzZSwiX2RvYyI6eyJfaWQiOiI2MzI4MTRjMDk5NzA5Y2NjZTFkY2FjMzAiLCJ1c2VybmFtZSI6InpweSIsInBhc3N3b3JkIjoiJDJhJDEwJHQ1QnN1SUxXM2dyLkY2SFAzZ2RjbmU4Z3FvdnE1b0drRjJPU2VHc243WVNUMjhlTkRVTlZLIiwiZGVwdElkIjpbXSwic3RhdGUiOjEsInJvbGUiOjEsInJvbGVMaXN0IjpbXSwiY3JlYXRlVGltZSI6IjIwMjItMDktMTlUMDc6MDQ6MzQuMDYxWiIsImxhc3RMb2dpblRpbWUiOiIyMDIyLTA5LTE5VDA3OjA0OjM0LjA2MVoiLCJfX3YiOjB9LCJpYXQiOjE2NjM2NTM3NjYsImV4cCI6MTY2Mzc0MDE2Nn0.vO98VV3ziyRp902QbNvt1hP0E2gPjFd6nH_8psR4d6U',
  userInfo: { username: 'zpy', deptId: [], state: 1, role: 1, roleList: [] }
}
[2022-09-20T14:02:46.274] [INFO] info - { username: 'zpy', deptId: [], state: 1, role: 1, roleList: [] }
[2022-09-20T14:04:41.687] [INFO] info - {
  token: 'eyJhbGciOiJIUzI1NiIsInR5cCI6IkpXVCJ9.eyIkX18iOnsiYWN0aXZlUGF0aHMiOnsicGF0aHMiOnsiZGVwdElkIjoiaW5pdCIsInN0YXRlIjoiaW5pdCIsInJvbGUiOiJpbml0Iiwicm9sZUxpc3QiOiJpbml0IiwiY3JlYXRlVGltZSI6ImluaXQiLCJsYXN0TG9naW5UaW1lIjoiaW5pdCIsIl9pZCI6ImluaXQiLCJ1c2VybmFtZSI6ImluaXQiLCJwYXNzd29yZCI6ImluaXQiLCJfX3YiOiJpbml0In0sInN0YXRlcyI6eyJkZWZhdWx0Ijp7fSwiaW5pdCI6eyJfaWQiOnRydWUsInVzZXJuYW1lIjp0cnVlLCJwYXNzd29yZCI6dHJ1ZSwiZGVwdElkIjp0cnVlLCJzdGF0ZSI6dHJ1ZSwicm9sZSI6dHJ1ZSwicm9sZUxpc3QiOnRydWUsImNyZWF0ZVRpbWUiOnRydWUsImxhc3RMb2dpblRpbWUiOnRydWUsIl9fdiI6dHJ1ZX19fSwic2tpcElkIjp0cnVlfSwiJGlzTmV3IjpmYWxzZSwiX2RvYyI6eyJfaWQiOiI2MzI4MTRjMDk5NzA5Y2NjZTFkY2FjMzAiLCJ1c2VybmFtZSI6InpweSIsInBhc3N3b3JkIjoiJDJhJDEwJHQ1QnN1SUxXM2dyLkY2SFAzZ2RjbmU4Z3FvdnE1b0drRjJPU2VHc243WVNUMjhlTkRVTlZLIiwiZGVwdElkIjpbXSwic3RhdGUiOjEsInJvbGUiOjEsInJvbGVMaXN0IjpbXSwiY3JlYXRlVGltZSI6IjIwMjItMDktMTlUMDc6MDQ6MzQuMDYxWiIsImxhc3RMb2dpblRpbWUiOiIyMDIyLTA5LTE5VDA3OjA0OjM0LjA2MVoiLCJfX3YiOjB9LCJpYXQiOjE2NjM2NTM4ODEsImV4cCI6MTY2Mzc0MDI4MX0.lHYfHyENuf-iGIQ__km6WdyMe4hBSObq4SRuOWsk9dI',
  userInfo: { username: 'zpy', deptId: [], state: 1, role: 1, roleList: [] }
}
[2022-09-20T14:04:41.693] [INFO] info - { username: 'zpy', deptId: [], state: 1, role: 1, roleList: [] }
[2022-09-20T14:04:54.559] [INFO] info - {
  token: 'eyJhbGciOiJIUzI1NiIsInR5cCI6IkpXVCJ9.eyIkX18iOnsiYWN0aXZlUGF0aHMiOnsicGF0aHMiOnsiZGVwdElkIjoiaW5pdCIsInN0YXRlIjoiaW5pdCIsInJvbGUiOiJpbml0Iiwicm9sZUxpc3QiOiJpbml0IiwiY3JlYXRlVGltZSI6ImluaXQiLCJsYXN0TG9naW5UaW1lIjoiaW5pdCIsIl9pZCI6ImluaXQiLCJ1c2VybmFtZSI6ImluaXQiLCJwYXNzd29yZCI6ImluaXQiLCJfX3YiOiJpbml0In0sInN0YXRlcyI6eyJkZWZhdWx0Ijp7fSwiaW5pdCI6eyJfaWQiOnRydWUsInVzZXJuYW1lIjp0cnVlLCJwYXNzd29yZCI6dHJ1ZSwiZGVwdElkIjp0cnVlLCJzdGF0ZSI6dHJ1ZSwicm9sZSI6dHJ1ZSwicm9sZUxpc3QiOnRydWUsImNyZWF0ZVRpbWUiOnRydWUsImxhc3RMb2dpblRpbWUiOnRydWUsIl9fdiI6dHJ1ZX19fSwic2tpcElkIjp0cnVlfSwiJGlzTmV3IjpmYWxzZSwiX2RvYyI6eyJfaWQiOiI2MzI4MTRjMDk5NzA5Y2NjZTFkY2FjMzAiLCJ1c2VybmFtZSI6InpweSIsInBhc3N3b3JkIjoiJDJhJDEwJHQ1QnN1SUxXM2dyLkY2SFAzZ2RjbmU4Z3FvdnE1b0drRjJPU2VHc243WVNUMjhlTkRVTlZLIiwiZGVwdElkIjpbXSwic3RhdGUiOjEsInJvbGUiOjEsInJvbGVMaXN0IjpbXSwiY3JlYXRlVGltZSI6IjIwMjItMDktMTlUMDc6MDQ6MzQuMDYxWiIsImxhc3RMb2dpblRpbWUiOiIyMDIyLTA5LTE5VDA3OjA0OjM0LjA2MVoiLCJfX3YiOjB9LCJpYXQiOjE2NjM2NTM4OTQsImV4cCI6MTY2Mzc0MDI5NH0.vsBLZd4oOddNxHz3MQC82b7jwz8D2nSw9QbYvF5HtWc',
  userInfo: { username: 'zpy', deptId: [], state: 1, role: 1, roleList: [] }
}
[2022-09-20T14:04:54.564] [INFO] info - { username: 'zpy', deptId: [], state: 1, role: 1, roleList: [] }
[2022-09-20T14:16:09.883] [INFO] info - {
  token: 'eyJhbGciOiJIUzI1NiIsInR5cCI6IkpXVCJ9.eyIkX18iOnsiYWN0aXZlUGF0aHMiOnsicGF0aHMiOnsiZGVwdElkIjoiaW5pdCIsInN0YXRlIjoiaW5pdCIsInJvbGUiOiJpbml0Iiwicm9sZUxpc3QiOiJpbml0IiwiY3JlYXRlVGltZSI6ImluaXQiLCJsYXN0TG9naW5UaW1lIjoiaW5pdCIsIl9pZCI6ImluaXQiLCJ1c2VybmFtZSI6ImluaXQiLCJwYXNzd29yZCI6ImluaXQiLCJfX3YiOiJpbml0In0sInN0YXRlcyI6eyJkZWZhdWx0Ijp7fSwiaW5pdCI6eyJfaWQiOnRydWUsInVzZXJuYW1lIjp0cnVlLCJwYXNzd29yZCI6dHJ1ZSwiZGVwdElkIjp0cnVlLCJzdGF0ZSI6dHJ1ZSwicm9sZSI6dHJ1ZSwicm9sZUxpc3QiOnRydWUsImNyZWF0ZVRpbWUiOnRydWUsImxhc3RMb2dpblRpbWUiOnRydWUsIl9fdiI6dHJ1ZX19fSwic2tpcElkIjp0cnVlfSwiJGlzTmV3IjpmYWxzZSwiX2RvYyI6eyJfaWQiOiI2MzI4MTRjMDk5NzA5Y2NjZTFkY2FjMzAiLCJ1c2VybmFtZSI6InpweSIsInBhc3N3b3JkIjoiJDJhJDEwJHQ1QnN1SUxXM2dyLkY2SFAzZ2RjbmU4Z3FvdnE1b0drRjJPU2VHc243WVNUMjhlTkRVTlZLIiwiZGVwdElkIjpbXSwic3RhdGUiOjEsInJvbGUiOjEsInJvbGVMaXN0IjpbXSwiY3JlYXRlVGltZSI6IjIwMjItMDktMTlUMDc6MDQ6MzQuMDYxWiIsImxhc3RMb2dpblRpbWUiOiIyMDIyLTA5LTE5VDA3OjA0OjM0LjA2MVoiLCJfX3YiOjB9LCJpYXQiOjE2NjM2NTQ1NjksImV4cCI6MTY2Mzc0MDk2OX0.JG6AMlCxSWMJwkv05v1_Wq0fXCLAMOtuxNNxZJX5cOs',
  userInfo: { username: 'zpy', deptId: [], state: 1, role: 1, roleList: [] }
}
[2022-09-20T14:16:09.888] [INFO] info - { username: 'zpy', deptId: [], state: 1, role: 1, roleList: [] }
[2022-09-20T14:16:28.004] [INFO] info - {
  token: 'eyJhbGciOiJIUzI1NiIsInR5cCI6IkpXVCJ9.eyIkX18iOnsiYWN0aXZlUGF0aHMiOnsicGF0aHMiOnsiZGVwdElkIjoiaW5pdCIsInN0YXRlIjoiaW5pdCIsInJvbGUiOiJpbml0Iiwicm9sZUxpc3QiOiJpbml0IiwiY3JlYXRlVGltZSI6ImluaXQiLCJsYXN0TG9naW5UaW1lIjoiaW5pdCIsIl9pZCI6ImluaXQiLCJ1c2VybmFtZSI6ImluaXQiLCJwYXNzd29yZCI6ImluaXQiLCJfX3YiOiJpbml0In0sInN0YXRlcyI6eyJkZWZhdWx0Ijp7fSwiaW5pdCI6eyJfaWQiOnRydWUsInVzZXJuYW1lIjp0cnVlLCJwYXNzd29yZCI6dHJ1ZSwiZGVwdElkIjp0cnVlLCJzdGF0ZSI6dHJ1ZSwicm9sZSI6dHJ1ZSwicm9sZUxpc3QiOnRydWUsImNyZWF0ZVRpbWUiOnRydWUsImxhc3RMb2dpblRpbWUiOnRydWUsIl9fdiI6dHJ1ZX19fSwic2tpcElkIjp0cnVlfSwiJGlzTmV3IjpmYWxzZSwiX2RvYyI6eyJfaWQiOiI2MzI4MTRjMDk5NzA5Y2NjZTFkY2FjMzAiLCJ1c2VybmFtZSI6InpweSIsInBhc3N3b3JkIjoiJDJhJDEwJHQ1QnN1SUxXM2dyLkY2SFAzZ2RjbmU4Z3FvdnE1b0drRjJPU2VHc243WVNUMjhlTkRVTlZLIiwiZGVwdElkIjpbXSwic3RhdGUiOjEsInJvbGUiOjEsInJvbGVMaXN0IjpbXSwiY3JlYXRlVGltZSI6IjIwMjItMDktMTlUMDc6MDQ6MzQuMDYxWiIsImxhc3RMb2dpblRpbWUiOiIyMDIyLTA5LTE5VDA3OjA0OjM0LjA2MVoiLCJfX3YiOjB9LCJpYXQiOjE2NjM2NTQ1ODgsImV4cCI6MTY2Mzc0MDk4OH0.y1F5V8CBQXjaX_hLHVs-jg6AaSrgeKzp-Wx8CERHBEo',
  userInfo: { username: 'zpy', deptId: [], state: 1, role: 1, roleList: [] }
}
[2022-09-20T14:16:28.009] [INFO] info - { username: 'zpy', deptId: [], state: 1, role: 1, roleList: [] }
[2022-09-20T14:17:00.554] [INFO] info - {
  token: 'eyJhbGciOiJIUzI1NiIsInR5cCI6IkpXVCJ9.eyIkX18iOnsiYWN0aXZlUGF0aHMiOnsicGF0aHMiOnsiZGVwdElkIjoiaW5pdCIsInN0YXRlIjoiaW5pdCIsInJvbGUiOiJpbml0Iiwicm9sZUxpc3QiOiJpbml0IiwiY3JlYXRlVGltZSI6ImluaXQiLCJsYXN0TG9naW5UaW1lIjoiaW5pdCIsIl9pZCI6ImluaXQiLCJ1c2VybmFtZSI6ImluaXQiLCJwYXNzd29yZCI6ImluaXQiLCJfX3YiOiJpbml0In0sInN0YXRlcyI6eyJkZWZhdWx0Ijp7fSwiaW5pdCI6eyJfaWQiOnRydWUsInVzZXJuYW1lIjp0cnVlLCJwYXNzd29yZCI6dHJ1ZSwiZGVwdElkIjp0cnVlLCJzdGF0ZSI6dHJ1ZSwicm9sZSI6dHJ1ZSwicm9sZUxpc3QiOnRydWUsImNyZWF0ZVRpbWUiOnRydWUsImxhc3RMb2dpblRpbWUiOnRydWUsIl9fdiI6dHJ1ZX19fSwic2tpcElkIjp0cnVlfSwiJGlzTmV3IjpmYWxzZSwiX2RvYyI6eyJfaWQiOiI2MzI4MTRjMDk5NzA5Y2NjZTFkY2FjMzAiLCJ1c2VybmFtZSI6InpweSIsInBhc3N3b3JkIjoiJDJhJDEwJHQ1QnN1SUxXM2dyLkY2SFAzZ2RjbmU4Z3FvdnE1b0drRjJPU2VHc243WVNUMjhlTkRVTlZLIiwiZGVwdElkIjpbXSwic3RhdGUiOjEsInJvbGUiOjEsInJvbGVMaXN0IjpbXSwiY3JlYXRlVGltZSI6IjIwMjItMDktMTlUMDc6MDQ6MzQuMDYxWiIsImxhc3RMb2dpblRpbWUiOiIyMDIyLTA5LTE5VDA3OjA0OjM0LjA2MVoiLCJfX3YiOjB9LCJpYXQiOjE2NjM2NTQ2MjAsImV4cCI6MTY2Mzc0MTAyMH0.-iwifFLtgyXjMz_G-G19iZAPkAmKeLdt_lpr-MfjV_4',
  userInfo: { username: 'zpy', deptId: [], state: 1, role: 1, roleList: [] }
}
[2022-09-20T14:17:00.563] [INFO] info - { username: 'zpy', deptId: [], state: 1, role: 1, roleList: [] }
[2022-09-20T14:17:28.823] [INFO] info - {
  token: 'eyJhbGciOiJIUzI1NiIsInR5cCI6IkpXVCJ9.eyIkX18iOnsiYWN0aXZlUGF0aHMiOnsicGF0aHMiOnsiZGVwdElkIjoiaW5pdCIsInN0YXRlIjoiaW5pdCIsInJvbGUiOiJpbml0Iiwicm9sZUxpc3QiOiJpbml0IiwiY3JlYXRlVGltZSI6ImluaXQiLCJsYXN0TG9naW5UaW1lIjoiaW5pdCIsIl9pZCI6ImluaXQiLCJ1c2VybmFtZSI6ImluaXQiLCJwYXNzd29yZCI6ImluaXQiLCJfX3YiOiJpbml0In0sInN0YXRlcyI6eyJkZWZhdWx0Ijp7fSwiaW5pdCI6eyJfaWQiOnRydWUsInVzZXJuYW1lIjp0cnVlLCJwYXNzd29yZCI6dHJ1ZSwiZGVwdElkIjp0cnVlLCJzdGF0ZSI6dHJ1ZSwicm9sZSI6dHJ1ZSwicm9sZUxpc3QiOnRydWUsImNyZWF0ZVRpbWUiOnRydWUsImxhc3RMb2dpblRpbWUiOnRydWUsIl9fdiI6dHJ1ZX19fSwic2tpcElkIjp0cnVlfSwiJGlzTmV3IjpmYWxzZSwiX2RvYyI6eyJfaWQiOiI2MzI4MTRjMDk5NzA5Y2NjZTFkY2FjMzAiLCJ1c2VybmFtZSI6InpweSIsInBhc3N3b3JkIjoiJDJhJDEwJHQ1QnN1SUxXM2dyLkY2SFAzZ2RjbmU4Z3FvdnE1b0drRjJPU2VHc243WVNUMjhlTkRVTlZLIiwiZGVwdElkIjpbXSwic3RhdGUiOjEsInJvbGUiOjEsInJvbGVMaXN0IjpbXSwiY3JlYXRlVGltZSI6IjIwMjItMDktMTlUMDc6MDQ6MzQuMDYxWiIsImxhc3RMb2dpblRpbWUiOiIyMDIyLTA5LTE5VDA3OjA0OjM0LjA2MVoiLCJfX3YiOjB9LCJpYXQiOjE2NjM2NTQ2NDgsImV4cCI6MTY2Mzc0MTA0OH0.JGN9D9Yh9ZatVVEnRStAKgUuTEE46pcQADc-YOs1HQg',
  userInfo: { username: 'zpy', deptId: [], state: 1, role: 1, roleList: [] }
}
[2022-09-20T14:17:28.828] [INFO] info - { username: 'zpy', deptId: [], state: 1, role: 1, roleList: [] }
[2022-09-20T14:18:36.886] [INFO] info - {
  token: 'eyJhbGciOiJIUzI1NiIsInR5cCI6IkpXVCJ9.eyIkX18iOnsiYWN0aXZlUGF0aHMiOnsicGF0aHMiOnsiZGVwdElkIjoiaW5pdCIsInN0YXRlIjoiaW5pdCIsInJvbGUiOiJpbml0Iiwicm9sZUxpc3QiOiJpbml0IiwiY3JlYXRlVGltZSI6ImluaXQiLCJsYXN0TG9naW5UaW1lIjoiaW5pdCIsIl9pZCI6ImluaXQiLCJ1c2VybmFtZSI6ImluaXQiLCJwYXNzd29yZCI6ImluaXQiLCJfX3YiOiJpbml0In0sInN0YXRlcyI6eyJkZWZhdWx0Ijp7fSwiaW5pdCI6eyJfaWQiOnRydWUsInVzZXJuYW1lIjp0cnVlLCJwYXNzd29yZCI6dHJ1ZSwiZGVwdElkIjp0cnVlLCJzdGF0ZSI6dHJ1ZSwicm9sZSI6dHJ1ZSwicm9sZUxpc3QiOnRydWUsImNyZWF0ZVRpbWUiOnRydWUsImxhc3RMb2dpblRpbWUiOnRydWUsIl9fdiI6dHJ1ZX19fSwic2tpcElkIjp0cnVlfSwiJGlzTmV3IjpmYWxzZSwiX2RvYyI6eyJfaWQiOiI2MzI4MTRjMDk5NzA5Y2NjZTFkY2FjMzAiLCJ1c2VybmFtZSI6InpweSIsInBhc3N3b3JkIjoiJDJhJDEwJHQ1QnN1SUxXM2dyLkY2SFAzZ2RjbmU4Z3FvdnE1b0drRjJPU2VHc243WVNUMjhlTkRVTlZLIiwiZGVwdElkIjpbXSwic3RhdGUiOjEsInJvbGUiOjEsInJvbGVMaXN0IjpbXSwiY3JlYXRlVGltZSI6IjIwMjItMDktMTlUMDc6MDQ6MzQuMDYxWiIsImxhc3RMb2dpblRpbWUiOiIyMDIyLTA5LTE5VDA3OjA0OjM0LjA2MVoiLCJfX3YiOjB9LCJpYXQiOjE2NjM2NTQ3MTYsImV4cCI6MTY2Mzc0MTExNn0.lziW-X29dsBZm5859QBieEzz99bLZHbpg-9LZJiI39Y',
  userInfo: { username: 'zpy', deptId: [], state: 1, role: 1, roleList: [] }
}
[2022-09-20T14:18:36.893] [INFO] info - { username: 'zpy', deptId: [], state: 1, role: 1, roleList: [] }
[2022-09-20T14:18:47.694] [INFO] info - {
  token: 'eyJhbGciOiJIUzI1NiIsInR5cCI6IkpXVCJ9.eyIkX18iOnsiYWN0aXZlUGF0aHMiOnsicGF0aHMiOnsiZGVwdElkIjoiaW5pdCIsInN0YXRlIjoiaW5pdCIsInJvbGUiOiJpbml0Iiwicm9sZUxpc3QiOiJpbml0IiwiY3JlYXRlVGltZSI6ImluaXQiLCJsYXN0TG9naW5UaW1lIjoiaW5pdCIsIl9pZCI6ImluaXQiLCJ1c2VybmFtZSI6ImluaXQiLCJwYXNzd29yZCI6ImluaXQiLCJfX3YiOiJpbml0In0sInN0YXRlcyI6eyJkZWZhdWx0Ijp7fSwiaW5pdCI6eyJfaWQiOnRydWUsInVzZXJuYW1lIjp0cnVlLCJwYXNzd29yZCI6dHJ1ZSwiZGVwdElkIjp0cnVlLCJzdGF0ZSI6dHJ1ZSwicm9sZSI6dHJ1ZSwicm9sZUxpc3QiOnRydWUsImNyZWF0ZVRpbWUiOnRydWUsImxhc3RMb2dpblRpbWUiOnRydWUsIl9fdiI6dHJ1ZX19fSwic2tpcElkIjp0cnVlfSwiJGlzTmV3IjpmYWxzZSwiX2RvYyI6eyJfaWQiOiI2MzI4MTRjMDk5NzA5Y2NjZTFkY2FjMzAiLCJ1c2VybmFtZSI6InpweSIsInBhc3N3b3JkIjoiJDJhJDEwJHQ1QnN1SUxXM2dyLkY2SFAzZ2RjbmU4Z3FvdnE1b0drRjJPU2VHc243WVNUMjhlTkRVTlZLIiwiZGVwdElkIjpbXSwic3RhdGUiOjEsInJvbGUiOjEsInJvbGVMaXN0IjpbXSwiY3JlYXRlVGltZSI6IjIwMjItMDktMTlUMDc6MDQ6MzQuMDYxWiIsImxhc3RMb2dpblRpbWUiOiIyMDIyLTA5LTE5VDA3OjA0OjM0LjA2MVoiLCJfX3YiOjB9LCJpYXQiOjE2NjM2NTQ3MjcsImV4cCI6MTY2Mzc0MTEyN30._lUTYy_fG22LOtQp4snXNtDdZPSwnsqfiRH3X4hwpvo',
  userInfo: { username: 'zpy', deptId: [], state: 1, role: 1, roleList: [] }
}
[2022-09-20T14:18:47.700] [INFO] info - { username: 'zpy', deptId: [], state: 1, role: 1, roleList: [] }
[2022-09-20T14:21:00.558] [INFO] info - {
  token: 'eyJhbGciOiJIUzI1NiIsInR5cCI6IkpXVCJ9.eyIkX18iOnsiYWN0aXZlUGF0aHMiOnsicGF0aHMiOnsiZGVwdElkIjoiaW5pdCIsInN0YXRlIjoiaW5pdCIsInJvbGUiOiJpbml0Iiwicm9sZUxpc3QiOiJpbml0IiwiY3JlYXRlVGltZSI6ImluaXQiLCJsYXN0TG9naW5UaW1lIjoiaW5pdCIsIl9pZCI6ImluaXQiLCJ1c2VybmFtZSI6ImluaXQiLCJwYXNzd29yZCI6ImluaXQiLCJfX3YiOiJpbml0In0sInN0YXRlcyI6eyJkZWZhdWx0Ijp7fSwiaW5pdCI6eyJfaWQiOnRydWUsInVzZXJuYW1lIjp0cnVlLCJwYXNzd29yZCI6dHJ1ZSwiZGVwdElkIjp0cnVlLCJzdGF0ZSI6dHJ1ZSwicm9sZSI6dHJ1ZSwicm9sZUxpc3QiOnRydWUsImNyZWF0ZVRpbWUiOnRydWUsImxhc3RMb2dpblRpbWUiOnRydWUsIl9fdiI6dHJ1ZX19fSwic2tpcElkIjp0cnVlfSwiJGlzTmV3IjpmYWxzZSwiX2RvYyI6eyJfaWQiOiI2MzI4MTRjMDk5NzA5Y2NjZTFkY2FjMzAiLCJ1c2VybmFtZSI6InpweSIsInBhc3N3b3JkIjoiJDJhJDEwJHQ1QnN1SUxXM2dyLkY2SFAzZ2RjbmU4Z3FvdnE1b0drRjJPU2VHc243WVNUMjhlTkRVTlZLIiwiZGVwdElkIjpbXSwic3RhdGUiOjEsInJvbGUiOjEsInJvbGVMaXN0IjpbXSwiY3JlYXRlVGltZSI6IjIwMjItMDktMTlUMDc6MDQ6MzQuMDYxWiIsImxhc3RMb2dpblRpbWUiOiIyMDIyLTA5LTE5VDA3OjA0OjM0LjA2MVoiLCJfX3YiOjB9LCJpYXQiOjE2NjM2NTQ4NjAsImV4cCI6MTY2Mzc0MTI2MH0.U9klsWe0O4p065e5mznoUtYjuBiFGdkebWthO_rPklk',
  userInfo: { username: 'zpy', deptId: [], state: 1, role: 1, roleList: [] }
}
[2022-09-20T14:21:00.563] [INFO] info - { username: 'zpy', deptId: [], state: 1, role: 1, roleList: [] }
[2022-09-20T14:21:27.296] [INFO] info - {
  token: 'eyJhbGciOiJIUzI1NiIsInR5cCI6IkpXVCJ9.eyIkX18iOnsiYWN0aXZlUGF0aHMiOnsicGF0aHMiOnsiZGVwdElkIjoiaW5pdCIsInN0YXRlIjoiaW5pdCIsInJvbGUiOiJpbml0Iiwicm9sZUxpc3QiOiJpbml0IiwiY3JlYXRlVGltZSI6ImluaXQiLCJsYXN0TG9naW5UaW1lIjoiaW5pdCIsIl9pZCI6ImluaXQiLCJ1c2VybmFtZSI6ImluaXQiLCJwYXNzd29yZCI6ImluaXQiLCJfX3YiOiJpbml0In0sInN0YXRlcyI6eyJkZWZhdWx0Ijp7fSwiaW5pdCI6eyJfaWQiOnRydWUsInVzZXJuYW1lIjp0cnVlLCJwYXNzd29yZCI6dHJ1ZSwiZGVwdElkIjp0cnVlLCJzdGF0ZSI6dHJ1ZSwicm9sZSI6dHJ1ZSwicm9sZUxpc3QiOnRydWUsImNyZWF0ZVRpbWUiOnRydWUsImxhc3RMb2dpblRpbWUiOnRydWUsIl9fdiI6dHJ1ZX19fSwic2tpcElkIjp0cnVlfSwiJGlzTmV3IjpmYWxzZSwiX2RvYyI6eyJfaWQiOiI2MzI4MTRjMDk5NzA5Y2NjZTFkY2FjMzAiLCJ1c2VybmFtZSI6InpweSIsInBhc3N3b3JkIjoiJDJhJDEwJHQ1QnN1SUxXM2dyLkY2SFAzZ2RjbmU4Z3FvdnE1b0drRjJPU2VHc243WVNUMjhlTkRVTlZLIiwiZGVwdElkIjpbXSwic3RhdGUiOjEsInJvbGUiOjEsInJvbGVMaXN0IjpbXSwiY3JlYXRlVGltZSI6IjIwMjItMDktMTlUMDc6MDQ6MzQuMDYxWiIsImxhc3RMb2dpblRpbWUiOiIyMDIyLTA5LTE5VDA3OjA0OjM0LjA2MVoiLCJfX3YiOjB9LCJpYXQiOjE2NjM2NTQ4ODcsImV4cCI6MTY2Mzc0MTI4N30.5267qwvUCT2Fig-LLddS_drQBBtI6C9PfNGE0_BjxzA',
  userInfo: { username: 'zpy', deptId: [], state: 1, role: 1, roleList: [] }
}
[2022-09-20T14:21:27.301] [INFO] info - { username: 'zpy', deptId: [], state: 1, role: 1, roleList: [] }
[2022-09-20T14:22:23.012] [INFO] info - {
  token: 'eyJhbGciOiJIUzI1NiIsInR5cCI6IkpXVCJ9.eyIkX18iOnsiYWN0aXZlUGF0aHMiOnsicGF0aHMiOnsiZGVwdElkIjoiaW5pdCIsInN0YXRlIjoiaW5pdCIsInJvbGUiOiJpbml0Iiwicm9sZUxpc3QiOiJpbml0IiwiY3JlYXRlVGltZSI6ImluaXQiLCJsYXN0TG9naW5UaW1lIjoiaW5pdCIsIl9pZCI6ImluaXQiLCJ1c2VybmFtZSI6ImluaXQiLCJwYXNzd29yZCI6ImluaXQiLCJfX3YiOiJpbml0In0sInN0YXRlcyI6eyJkZWZhdWx0Ijp7fSwiaW5pdCI6eyJfaWQiOnRydWUsInVzZXJuYW1lIjp0cnVlLCJwYXNzd29yZCI6dHJ1ZSwiZGVwdElkIjp0cnVlLCJzdGF0ZSI6dHJ1ZSwicm9sZSI6dHJ1ZSwicm9sZUxpc3QiOnRydWUsImNyZWF0ZVRpbWUiOnRydWUsImxhc3RMb2dpblRpbWUiOnRydWUsIl9fdiI6dHJ1ZX19fSwic2tpcElkIjp0cnVlfSwiJGlzTmV3IjpmYWxzZSwiX2RvYyI6eyJfaWQiOiI2MzI4MTRjMDk5NzA5Y2NjZTFkY2FjMzAiLCJ1c2VybmFtZSI6InpweSIsInBhc3N3b3JkIjoiJDJhJDEwJHQ1QnN1SUxXM2dyLkY2SFAzZ2RjbmU4Z3FvdnE1b0drRjJPU2VHc243WVNUMjhlTkRVTlZLIiwiZGVwdElkIjpbXSwic3RhdGUiOjEsInJvbGUiOjEsInJvbGVMaXN0IjpbXSwiY3JlYXRlVGltZSI6IjIwMjItMDktMTlUMDc6MDQ6MzQuMDYxWiIsImxhc3RMb2dpblRpbWUiOiIyMDIyLTA5LTE5VDA3OjA0OjM0LjA2MVoiLCJfX3YiOjB9LCJpYXQiOjE2NjM2NTQ5NDMsImV4cCI6MTY2Mzc0MTM0M30.dbsUj6cPWCA3LNR_ZWNKBnbGyF0oXM8NNGzzDLpzsqQ',
  userInfo: { username: 'zpy', deptId: [], state: 1, role: 1, roleList: [] }
}
[2022-09-20T14:22:23.017] [INFO] info - { username: 'zpy', deptId: [], state: 1, role: 1, roleList: [] }
[2022-09-20T14:22:43.542] [INFO] info - {
  token: 'eyJhbGciOiJIUzI1NiIsInR5cCI6IkpXVCJ9.eyIkX18iOnsiYWN0aXZlUGF0aHMiOnsicGF0aHMiOnsiZGVwdElkIjoiaW5pdCIsInN0YXRlIjoiaW5pdCIsInJvbGUiOiJpbml0Iiwicm9sZUxpc3QiOiJpbml0IiwiY3JlYXRlVGltZSI6ImluaXQiLCJsYXN0TG9naW5UaW1lIjoiaW5pdCIsIl9pZCI6ImluaXQiLCJ1c2VybmFtZSI6ImluaXQiLCJwYXNzd29yZCI6ImluaXQiLCJfX3YiOiJpbml0In0sInN0YXRlcyI6eyJkZWZhdWx0Ijp7fSwiaW5pdCI6eyJfaWQiOnRydWUsInVzZXJuYW1lIjp0cnVlLCJwYXNzd29yZCI6dHJ1ZSwiZGVwdElkIjp0cnVlLCJzdGF0ZSI6dHJ1ZSwicm9sZSI6dHJ1ZSwicm9sZUxpc3QiOnRydWUsImNyZWF0ZVRpbWUiOnRydWUsImxhc3RMb2dpblRpbWUiOnRydWUsIl9fdiI6dHJ1ZX19fSwic2tpcElkIjp0cnVlfSwiJGlzTmV3IjpmYWxzZSwiX2RvYyI6eyJfaWQiOiI2MzI4MTRjMDk5NzA5Y2NjZTFkY2FjMzAiLCJ1c2VybmFtZSI6InpweSIsInBhc3N3b3JkIjoiJDJhJDEwJHQ1QnN1SUxXM2dyLkY2SFAzZ2RjbmU4Z3FvdnE1b0drRjJPU2VHc243WVNUMjhlTkRVTlZLIiwiZGVwdElkIjpbXSwic3RhdGUiOjEsInJvbGUiOjEsInJvbGVMaXN0IjpbXSwiY3JlYXRlVGltZSI6IjIwMjItMDktMTlUMDc6MDQ6MzQuMDYxWiIsImxhc3RMb2dpblRpbWUiOiIyMDIyLTA5LTE5VDA3OjA0OjM0LjA2MVoiLCJfX3YiOjB9LCJpYXQiOjE2NjM2NTQ5NjMsImV4cCI6MTY2Mzc0MTM2M30.bZum9Cl5Bcxnh7XmeK69gZ4BPdMwCRlBdlhUoHBagZc',
  userInfo: { username: 'zpy', deptId: [], state: 1, role: 1, roleList: [] }
}
[2022-09-20T14:22:43.550] [INFO] info - { username: 'zpy', deptId: [], state: 1, role: 1, roleList: [] }
[2022-09-20T14:22:59.070] [INFO] info - {
  token: 'eyJhbGciOiJIUzI1NiIsInR5cCI6IkpXVCJ9.eyIkX18iOnsiYWN0aXZlUGF0aHMiOnsicGF0aHMiOnsiZGVwdElkIjoiaW5pdCIsInN0YXRlIjoiaW5pdCIsInJvbGUiOiJpbml0Iiwicm9sZUxpc3QiOiJpbml0IiwiY3JlYXRlVGltZSI6ImluaXQiLCJsYXN0TG9naW5UaW1lIjoiaW5pdCIsIl9pZCI6ImluaXQiLCJ1c2VybmFtZSI6ImluaXQiLCJwYXNzd29yZCI6ImluaXQiLCJfX3YiOiJpbml0In0sInN0YXRlcyI6eyJkZWZhdWx0Ijp7fSwiaW5pdCI6eyJfaWQiOnRydWUsInVzZXJuYW1lIjp0cnVlLCJwYXNzd29yZCI6dHJ1ZSwiZGVwdElkIjp0cnVlLCJzdGF0ZSI6dHJ1ZSwicm9sZSI6dHJ1ZSwicm9sZUxpc3QiOnRydWUsImNyZWF0ZVRpbWUiOnRydWUsImxhc3RMb2dpblRpbWUiOnRydWUsIl9fdiI6dHJ1ZX19fSwic2tpcElkIjp0cnVlfSwiJGlzTmV3IjpmYWxzZSwiX2RvYyI6eyJfaWQiOiI2MzI4MTRjMDk5NzA5Y2NjZTFkY2FjMzAiLCJ1c2VybmFtZSI6InpweSIsInBhc3N3b3JkIjoiJDJhJDEwJHQ1QnN1SUxXM2dyLkY2SFAzZ2RjbmU4Z3FvdnE1b0drRjJPU2VHc243WVNUMjhlTkRVTlZLIiwiZGVwdElkIjpbXSwic3RhdGUiOjEsInJvbGUiOjEsInJvbGVMaXN0IjpbXSwiY3JlYXRlVGltZSI6IjIwMjItMDktMTlUMDc6MDQ6MzQuMDYxWiIsImxhc3RMb2dpblRpbWUiOiIyMDIyLTA5LTE5VDA3OjA0OjM0LjA2MVoiLCJfX3YiOjB9LCJpYXQiOjE2NjM2NTQ5NzksImV4cCI6MTY2Mzc0MTM3OX0.J-uxaC0oESa95gzIUEtqpjDtl2Y3xz7ZFhLvY2C3QEw',
  userInfo: { username: 'zpy', deptId: [], state: 1, role: 1, roleList: [] }
}
[2022-09-20T14:22:59.079] [INFO] info - { username: 'zpy', deptId: [], state: 1, role: 1, roleList: [] }
[2022-09-20T14:26:02.490] [INFO] info - {
  token: 'eyJhbGciOiJIUzI1NiIsInR5cCI6IkpXVCJ9.eyIkX18iOnsiYWN0aXZlUGF0aHMiOnsicGF0aHMiOnsiZGVwdElkIjoiaW5pdCIsInN0YXRlIjoiaW5pdCIsInJvbGUiOiJpbml0Iiwicm9sZUxpc3QiOiJpbml0IiwiY3JlYXRlVGltZSI6ImluaXQiLCJsYXN0TG9naW5UaW1lIjoiaW5pdCIsIl9pZCI6ImluaXQiLCJ1c2VybmFtZSI6ImluaXQiLCJwYXNzd29yZCI6ImluaXQiLCJfX3YiOiJpbml0In0sInN0YXRlcyI6eyJkZWZhdWx0Ijp7fSwiaW5pdCI6eyJfaWQiOnRydWUsInVzZXJuYW1lIjp0cnVlLCJwYXNzd29yZCI6dHJ1ZSwiZGVwdElkIjp0cnVlLCJzdGF0ZSI6dHJ1ZSwicm9sZSI6dHJ1ZSwicm9sZUxpc3QiOnRydWUsImNyZWF0ZVRpbWUiOnRydWUsImxhc3RMb2dpblRpbWUiOnRydWUsIl9fdiI6dHJ1ZX19fSwic2tpcElkIjp0cnVlfSwiJGlzTmV3IjpmYWxzZSwiX2RvYyI6eyJfaWQiOiI2MzI4MTRjMDk5NzA5Y2NjZTFkY2FjMzAiLCJ1c2VybmFtZSI6InpweSIsInBhc3N3b3JkIjoiJDJhJDEwJHQ1QnN1SUxXM2dyLkY2SFAzZ2RjbmU4Z3FvdnE1b0drRjJPU2VHc243WVNUMjhlTkRVTlZLIiwiZGVwdElkIjpbXSwic3RhdGUiOjEsInJvbGUiOjEsInJvbGVMaXN0IjpbXSwiY3JlYXRlVGltZSI6IjIwMjItMDktMTlUMDc6MDQ6MzQuMDYxWiIsImxhc3RMb2dpblRpbWUiOiIyMDIyLTA5LTE5VDA3OjA0OjM0LjA2MVoiLCJfX3YiOjB9LCJpYXQiOjE2NjM2NTUxNjIsImV4cCI6MTY2Mzc0MTU2Mn0.yh5hO7RQFxj_-gMkREab9AQ_S7u4e-9BsxIGO5woN-E',
  userInfo: { username: 'zpy', deptId: [], state: 1, role: 1, roleList: [] }
}
[2022-09-20T14:26:02.495] [INFO] info - { username: 'zpy', deptId: [], state: 1, role: 1, roleList: [] }
[2022-09-20T14:26:28.109] [INFO] info - {
  token: 'eyJhbGciOiJIUzI1NiIsInR5cCI6IkpXVCJ9.eyIkX18iOnsiYWN0aXZlUGF0aHMiOnsicGF0aHMiOnsiZGVwdElkIjoiaW5pdCIsInN0YXRlIjoiaW5pdCIsInJvbGUiOiJpbml0Iiwicm9sZUxpc3QiOiJpbml0IiwiY3JlYXRlVGltZSI6ImluaXQiLCJsYXN0TG9naW5UaW1lIjoiaW5pdCIsIl9pZCI6ImluaXQiLCJ1c2VybmFtZSI6ImluaXQiLCJwYXNzd29yZCI6ImluaXQiLCJfX3YiOiJpbml0In0sInN0YXRlcyI6eyJkZWZhdWx0Ijp7fSwiaW5pdCI6eyJfaWQiOnRydWUsInVzZXJuYW1lIjp0cnVlLCJwYXNzd29yZCI6dHJ1ZSwiZGVwdElkIjp0cnVlLCJzdGF0ZSI6dHJ1ZSwicm9sZSI6dHJ1ZSwicm9sZUxpc3QiOnRydWUsImNyZWF0ZVRpbWUiOnRydWUsImxhc3RMb2dpblRpbWUiOnRydWUsIl9fdiI6dHJ1ZX19fSwic2tpcElkIjp0cnVlfSwiJGlzTmV3IjpmYWxzZSwiX2RvYyI6eyJfaWQiOiI2MzI4MTRjMDk5NzA5Y2NjZTFkY2FjMzAiLCJ1c2VybmFtZSI6InpweSIsInBhc3N3b3JkIjoiJDJhJDEwJHQ1QnN1SUxXM2dyLkY2SFAzZ2RjbmU4Z3FvdnE1b0drRjJPU2VHc243WVNUMjhlTkRVTlZLIiwiZGVwdElkIjpbXSwic3RhdGUiOjEsInJvbGUiOjEsInJvbGVMaXN0IjpbXSwiY3JlYXRlVGltZSI6IjIwMjItMDktMTlUMDc6MDQ6MzQuMDYxWiIsImxhc3RMb2dpblRpbWUiOiIyMDIyLTA5LTE5VDA3OjA0OjM0LjA2MVoiLCJfX3YiOjB9LCJpYXQiOjE2NjM2NTUxODgsImV4cCI6MTY2Mzc0MTU4OH0.77SooDue2oEtzLIbDourHwQn1K9sSEPK03oNR8IUrl8',
  userInfo: { username: 'zpy', deptId: [], state: 1, role: 1, roleList: [] }
}
[2022-09-20T14:26:28.115] [INFO] info - { username: 'zpy', deptId: [], state: 1, role: 1, roleList: [] }
[2022-09-20T14:27:09.684] [INFO] info - {
  token: 'eyJhbGciOiJIUzI1NiIsInR5cCI6IkpXVCJ9.eyIkX18iOnsiYWN0aXZlUGF0aHMiOnsicGF0aHMiOnsiZGVwdElkIjoiaW5pdCIsInN0YXRlIjoiaW5pdCIsInJvbGUiOiJpbml0Iiwicm9sZUxpc3QiOiJpbml0IiwiY3JlYXRlVGltZSI6ImluaXQiLCJsYXN0TG9naW5UaW1lIjoiaW5pdCIsIl9pZCI6ImluaXQiLCJ1c2VybmFtZSI6ImluaXQiLCJwYXNzd29yZCI6ImluaXQiLCJfX3YiOiJpbml0In0sInN0YXRlcyI6eyJkZWZhdWx0Ijp7fSwiaW5pdCI6eyJfaWQiOnRydWUsInVzZXJuYW1lIjp0cnVlLCJwYXNzd29yZCI6dHJ1ZSwiZGVwdElkIjp0cnVlLCJzdGF0ZSI6dHJ1ZSwicm9sZSI6dHJ1ZSwicm9sZUxpc3QiOnRydWUsImNyZWF0ZVRpbWUiOnRydWUsImxhc3RMb2dpblRpbWUiOnRydWUsIl9fdiI6dHJ1ZX19fSwic2tpcElkIjp0cnVlfSwiJGlzTmV3IjpmYWxzZSwiX2RvYyI6eyJfaWQiOiI2MzI4MTRjMDk5NzA5Y2NjZTFkY2FjMzAiLCJ1c2VybmFtZSI6InpweSIsInBhc3N3b3JkIjoiJDJhJDEwJHQ1QnN1SUxXM2dyLkY2SFAzZ2RjbmU4Z3FvdnE1b0drRjJPU2VHc243WVNUMjhlTkRVTlZLIiwiZGVwdElkIjpbXSwic3RhdGUiOjEsInJvbGUiOjEsInJvbGVMaXN0IjpbXSwiY3JlYXRlVGltZSI6IjIwMjItMDktMTlUMDc6MDQ6MzQuMDYxWiIsImxhc3RMb2dpblRpbWUiOiIyMDIyLTA5LTE5VDA3OjA0OjM0LjA2MVoiLCJfX3YiOjB9LCJpYXQiOjE2NjM2NTUyMjksImV4cCI6MTY2Mzc0MTYyOX0.6Kq06tYNkQRNLlQhXSAWTvGeq7ilMzni40kuTPPcGDM',
  userInfo: { username: 'zpy', deptId: [], state: 1, role: 1, roleList: [] }
}
[2022-09-20T14:27:09.690] [INFO] info - { username: 'zpy', deptId: [], state: 1, role: 1, roleList: [] }
[2022-09-20T14:27:24.004] [INFO] info - {
  token: 'eyJhbGciOiJIUzI1NiIsInR5cCI6IkpXVCJ9.eyIkX18iOnsiYWN0aXZlUGF0aHMiOnsicGF0aHMiOnsiZGVwdElkIjoiaW5pdCIsInN0YXRlIjoiaW5pdCIsInJvbGUiOiJpbml0Iiwicm9sZUxpc3QiOiJpbml0IiwiY3JlYXRlVGltZSI6ImluaXQiLCJsYXN0TG9naW5UaW1lIjoiaW5pdCIsIl9pZCI6ImluaXQiLCJ1c2VybmFtZSI6ImluaXQiLCJwYXNzd29yZCI6ImluaXQiLCJfX3YiOiJpbml0In0sInN0YXRlcyI6eyJkZWZhdWx0Ijp7fSwiaW5pdCI6eyJfaWQiOnRydWUsInVzZXJuYW1lIjp0cnVlLCJwYXNzd29yZCI6dHJ1ZSwiZGVwdElkIjp0cnVlLCJzdGF0ZSI6dHJ1ZSwicm9sZSI6dHJ1ZSwicm9sZUxpc3QiOnRydWUsImNyZWF0ZVRpbWUiOnRydWUsImxhc3RMb2dpblRpbWUiOnRydWUsIl9fdiI6dHJ1ZX19fSwic2tpcElkIjp0cnVlfSwiJGlzTmV3IjpmYWxzZSwiX2RvYyI6eyJfaWQiOiI2MzI4MTRjMDk5NzA5Y2NjZTFkY2FjMzAiLCJ1c2VybmFtZSI6InpweSIsInBhc3N3b3JkIjoiJDJhJDEwJHQ1QnN1SUxXM2dyLkY2SFAzZ2RjbmU4Z3FvdnE1b0drRjJPU2VHc243WVNUMjhlTkRVTlZLIiwiZGVwdElkIjpbXSwic3RhdGUiOjEsInJvbGUiOjEsInJvbGVMaXN0IjpbXSwiY3JlYXRlVGltZSI6IjIwMjItMDktMTlUMDc6MDQ6MzQuMDYxWiIsImxhc3RMb2dpblRpbWUiOiIyMDIyLTA5LTE5VDA3OjA0OjM0LjA2MVoiLCJfX3YiOjB9LCJpYXQiOjE2NjM2NTUyNDQsImV4cCI6MTY2Mzc0MTY0NH0.Wl6-mt6Sw2hOWGZ1rRADQvywE1LRyEAnbc3e80uLsAs',
  userInfo: { username: 'zpy', deptId: [], state: 1, role: 1, roleList: [] }
}
[2022-09-20T14:27:24.009] [INFO] info - { username: 'zpy', deptId: [], state: 1, role: 1, roleList: [] }
[2022-09-20T14:28:01.146] [INFO] info - {
  token: 'eyJhbGciOiJIUzI1NiIsInR5cCI6IkpXVCJ9.eyIkX18iOnsiYWN0aXZlUGF0aHMiOnsicGF0aHMiOnsiZGVwdElkIjoiaW5pdCIsInN0YXRlIjoiaW5pdCIsInJvbGUiOiJpbml0Iiwicm9sZUxpc3QiOiJpbml0IiwiY3JlYXRlVGltZSI6ImluaXQiLCJsYXN0TG9naW5UaW1lIjoiaW5pdCIsIl9pZCI6ImluaXQiLCJ1c2VybmFtZSI6ImluaXQiLCJwYXNzd29yZCI6ImluaXQiLCJfX3YiOiJpbml0In0sInN0YXRlcyI6eyJkZWZhdWx0Ijp7fSwiaW5pdCI6eyJfaWQiOnRydWUsInVzZXJuYW1lIjp0cnVlLCJwYXNzd29yZCI6dHJ1ZSwiZGVwdElkIjp0cnVlLCJzdGF0ZSI6dHJ1ZSwicm9sZSI6dHJ1ZSwicm9sZUxpc3QiOnRydWUsImNyZWF0ZVRpbWUiOnRydWUsImxhc3RMb2dpblRpbWUiOnRydWUsIl9fdiI6dHJ1ZX19fSwic2tpcElkIjp0cnVlfSwiJGlzTmV3IjpmYWxzZSwiX2RvYyI6eyJfaWQiOiI2MzI4MTRjMDk5NzA5Y2NjZTFkY2FjMzAiLCJ1c2VybmFtZSI6InpweSIsInBhc3N3b3JkIjoiJDJhJDEwJHQ1QnN1SUxXM2dyLkY2SFAzZ2RjbmU4Z3FvdnE1b0drRjJPU2VHc243WVNUMjhlTkRVTlZLIiwiZGVwdElkIjpbXSwic3RhdGUiOjEsInJvbGUiOjEsInJvbGVMaXN0IjpbXSwiY3JlYXRlVGltZSI6IjIwMjItMDktMTlUMDc6MDQ6MzQuMDYxWiIsImxhc3RMb2dpblRpbWUiOiIyMDIyLTA5LTE5VDA3OjA0OjM0LjA2MVoiLCJfX3YiOjB9LCJpYXQiOjE2NjM2NTUyODEsImV4cCI6MTY2Mzc0MTY4MX0.j-zU7e_7_Djv6CYXxs--h7vdtxcFK0xFmvDWIW6IDFM',
  userInfo: { username: 'zpy', deptId: [], state: 1, role: 1, roleList: [] }
}
[2022-09-20T14:28:01.153] [INFO] info - { username: 'zpy', deptId: [], state: 1, role: 1, roleList: [] }
[2022-09-20T14:53:14.017] [INFO] info - {
  token: 'eyJhbGciOiJIUzI1NiIsInR5cCI6IkpXVCJ9.eyIkX18iOnsiYWN0aXZlUGF0aHMiOnsicGF0aHMiOnsiZGVwdElkIjoiaW5pdCIsInN0YXRlIjoiaW5pdCIsInJvbGUiOiJpbml0Iiwicm9sZUxpc3QiOiJpbml0IiwiY3JlYXRlVGltZSI6ImluaXQiLCJsYXN0TG9naW5UaW1lIjoiaW5pdCIsIl9pZCI6ImluaXQiLCJ1c2VybmFtZSI6ImluaXQiLCJwYXNzd29yZCI6ImluaXQiLCJfX3YiOiJpbml0In0sInN0YXRlcyI6eyJkZWZhdWx0Ijp7fSwiaW5pdCI6eyJfaWQiOnRydWUsInVzZXJuYW1lIjp0cnVlLCJwYXNzd29yZCI6dHJ1ZSwiZGVwdElkIjp0cnVlLCJzdGF0ZSI6dHJ1ZSwicm9sZSI6dHJ1ZSwicm9sZUxpc3QiOnRydWUsImNyZWF0ZVRpbWUiOnRydWUsImxhc3RMb2dpblRpbWUiOnRydWUsIl9fdiI6dHJ1ZX19fSwic2tpcElkIjp0cnVlfSwiJGlzTmV3IjpmYWxzZSwiX2RvYyI6eyJfaWQiOiI2MzI4MTRjMDk5NzA5Y2NjZTFkY2FjMzAiLCJ1c2VybmFtZSI6InpweSIsInBhc3N3b3JkIjoiJDJhJDEwJHQ1QnN1SUxXM2dyLkY2SFAzZ2RjbmU4Z3FvdnE1b0drRjJPU2VHc243WVNUMjhlTkRVTlZLIiwiZGVwdElkIjpbXSwic3RhdGUiOjEsInJvbGUiOjEsInJvbGVMaXN0IjpbXSwiY3JlYXRlVGltZSI6IjIwMjItMDktMTlUMDc6MDQ6MzQuMDYxWiIsImxhc3RMb2dpblRpbWUiOiIyMDIyLTA5LTE5VDA3OjA0OjM0LjA2MVoiLCJfX3YiOjB9LCJpYXQiOjE2NjM2NTY3OTQsImV4cCI6MTY2Mzc0MzE5NH0.tUdpxfaMWAcQUC3R9C7XMm1AIjRcF2yheBPriJ55MGY',
  userInfo: { username: 'zpy', deptId: [], state: 1, role: 1, roleList: [] }
}
[2022-09-20T14:53:14.023] [INFO] info - { username: 'zpy', deptId: [], state: 1, role: 1, roleList: [] }
[2022-09-20T14:53:14.466] [INFO] info - {
  token: 'eyJhbGciOiJIUzI1NiIsInR5cCI6IkpXVCJ9.eyIkX18iOnsiYWN0aXZlUGF0aHMiOnsicGF0aHMiOnsiZGVwdElkIjoiaW5pdCIsInN0YXRlIjoiaW5pdCIsInJvbGUiOiJpbml0Iiwicm9sZUxpc3QiOiJpbml0IiwiY3JlYXRlVGltZSI6ImluaXQiLCJsYXN0TG9naW5UaW1lIjoiaW5pdCIsIl9pZCI6ImluaXQiLCJ1c2VybmFtZSI6ImluaXQiLCJwYXNzd29yZCI6ImluaXQiLCJfX3YiOiJpbml0In0sInN0YXRlcyI6eyJkZWZhdWx0Ijp7fSwiaW5pdCI6eyJfaWQiOnRydWUsInVzZXJuYW1lIjp0cnVlLCJwYXNzd29yZCI6dHJ1ZSwiZGVwdElkIjp0cnVlLCJzdGF0ZSI6dHJ1ZSwicm9sZSI6dHJ1ZSwicm9sZUxpc3QiOnRydWUsImNyZWF0ZVRpbWUiOnRydWUsImxhc3RMb2dpblRpbWUiOnRydWUsIl9fdiI6dHJ1ZX19fSwic2tpcElkIjp0cnVlfSwiJGlzTmV3IjpmYWxzZSwiX2RvYyI6eyJfaWQiOiI2MzI4MTRjMDk5NzA5Y2NjZTFkY2FjMzAiLCJ1c2VybmFtZSI6InpweSIsInBhc3N3b3JkIjoiJDJhJDEwJHQ1QnN1SUxXM2dyLkY2SFAzZ2RjbmU4Z3FvdnE1b0drRjJPU2VHc243WVNUMjhlTkRVTlZLIiwiZGVwdElkIjpbXSwic3RhdGUiOjEsInJvbGUiOjEsInJvbGVMaXN0IjpbXSwiY3JlYXRlVGltZSI6IjIwMjItMDktMTlUMDc6MDQ6MzQuMDYxWiIsImxhc3RMb2dpblRpbWUiOiIyMDIyLTA5LTE5VDA3OjA0OjM0LjA2MVoiLCJfX3YiOjB9LCJpYXQiOjE2NjM2NTY3OTQsImV4cCI6MTY2Mzc0MzE5NH0.tUdpxfaMWAcQUC3R9C7XMm1AIjRcF2yheBPriJ55MGY',
  userInfo: { username: 'zpy', deptId: [], state: 1, role: 1, roleList: [] }
}
[2022-09-20T14:53:14.470] [INFO] info - { username: 'zpy', deptId: [], state: 1, role: 1, roleList: [] }
[2022-09-20T14:53:43.814] [INFO] info - {
  token: 'eyJhbGciOiJIUzI1NiIsInR5cCI6IkpXVCJ9.eyIkX18iOnsiYWN0aXZlUGF0aHMiOnsicGF0aHMiOnsiZGVwdElkIjoiaW5pdCIsInN0YXRlIjoiaW5pdCIsInJvbGUiOiJpbml0Iiwicm9sZUxpc3QiOiJpbml0IiwiY3JlYXRlVGltZSI6ImluaXQiLCJsYXN0TG9naW5UaW1lIjoiaW5pdCIsIl9pZCI6ImluaXQiLCJ1c2VybmFtZSI6ImluaXQiLCJwYXNzd29yZCI6ImluaXQiLCJfX3YiOiJpbml0In0sInN0YXRlcyI6eyJkZWZhdWx0Ijp7fSwiaW5pdCI6eyJfaWQiOnRydWUsInVzZXJuYW1lIjp0cnVlLCJwYXNzd29yZCI6dHJ1ZSwiZGVwdElkIjp0cnVlLCJzdGF0ZSI6dHJ1ZSwicm9sZSI6dHJ1ZSwicm9sZUxpc3QiOnRydWUsImNyZWF0ZVRpbWUiOnRydWUsImxhc3RMb2dpblRpbWUiOnRydWUsIl9fdiI6dHJ1ZX19fSwic2tpcElkIjp0cnVlfSwiJGlzTmV3IjpmYWxzZSwiX2RvYyI6eyJfaWQiOiI2MzI4MTRjMDk5NzA5Y2NjZTFkY2FjMzAiLCJ1c2VybmFtZSI6InpweSIsInBhc3N3b3JkIjoiJDJhJDEwJHQ1QnN1SUxXM2dyLkY2SFAzZ2RjbmU4Z3FvdnE1b0drRjJPU2VHc243WVNUMjhlTkRVTlZLIiwiZGVwdElkIjpbXSwic3RhdGUiOjEsInJvbGUiOjEsInJvbGVMaXN0IjpbXSwiY3JlYXRlVGltZSI6IjIwMjItMDktMTlUMDc6MDQ6MzQuMDYxWiIsImxhc3RMb2dpblRpbWUiOiIyMDIyLTA5LTE5VDA3OjA0OjM0LjA2MVoiLCJfX3YiOjB9LCJpYXQiOjE2NjM2NTY4MjMsImV4cCI6MTY2Mzc0MzIyM30.bgUIkxFxPu-XVhmqk8Y2HkyV6zqddatrTHVdlq-odmw',
  userInfo: { username: 'zpy', deptId: [], state: 1, role: 1, roleList: [] }
}
[2022-09-20T14:53:43.820] [INFO] info - { username: 'zpy', deptId: [], state: 1, role: 1, roleList: [] }
[2022-09-20T14:54:00.076] [INFO] info - {
  token: 'eyJhbGciOiJIUzI1NiIsInR5cCI6IkpXVCJ9.eyIkX18iOnsiYWN0aXZlUGF0aHMiOnsicGF0aHMiOnsiZGVwdElkIjoiaW5pdCIsInN0YXRlIjoiaW5pdCIsInJvbGUiOiJpbml0Iiwicm9sZUxpc3QiOiJpbml0IiwiY3JlYXRlVGltZSI6ImluaXQiLCJsYXN0TG9naW5UaW1lIjoiaW5pdCIsIl9pZCI6ImluaXQiLCJ1c2VybmFtZSI6ImluaXQiLCJwYXNzd29yZCI6ImluaXQiLCJfX3YiOiJpbml0In0sInN0YXRlcyI6eyJkZWZhdWx0Ijp7fSwiaW5pdCI6eyJfaWQiOnRydWUsInVzZXJuYW1lIjp0cnVlLCJwYXNzd29yZCI6dHJ1ZSwiZGVwdElkIjp0cnVlLCJzdGF0ZSI6dHJ1ZSwicm9sZSI6dHJ1ZSwicm9sZUxpc3QiOnRydWUsImNyZWF0ZVRpbWUiOnRydWUsImxhc3RMb2dpblRpbWUiOnRydWUsIl9fdiI6dHJ1ZX19fSwic2tpcElkIjp0cnVlfSwiJGlzTmV3IjpmYWxzZSwiX2RvYyI6eyJfaWQiOiI2MzI4MTRjMDk5NzA5Y2NjZTFkY2FjMzAiLCJ1c2VybmFtZSI6InpweSIsInBhc3N3b3JkIjoiJDJhJDEwJHQ1QnN1SUxXM2dyLkY2SFAzZ2RjbmU4Z3FvdnE1b0drRjJPU2VHc243WVNUMjhlTkRVTlZLIiwiZGVwdElkIjpbXSwic3RhdGUiOjEsInJvbGUiOjEsInJvbGVMaXN0IjpbXSwiY3JlYXRlVGltZSI6IjIwMjItMDktMTlUMDc6MDQ6MzQuMDYxWiIsImxhc3RMb2dpblRpbWUiOiIyMDIyLTA5LTE5VDA3OjA0OjM0LjA2MVoiLCJfX3YiOjB9LCJpYXQiOjE2NjM2NTY4NDAsImV4cCI6MTY2Mzc0MzI0MH0.pNl2dOVFZr_wVy41hKPI4GaV2_GZW3CeSBFeOczJV9c',
  userInfo: { username: 'zpy', deptId: [], state: 1, role: 1, roleList: [] }
}
[2022-09-20T14:54:00.081] [INFO] info - { username: 'zpy', deptId: [], state: 1, role: 1, roleList: [] }
[2022-09-20T14:54:10.610] [INFO] info - {
  token: 'eyJhbGciOiJIUzI1NiIsInR5cCI6IkpXVCJ9.eyIkX18iOnsiYWN0aXZlUGF0aHMiOnsicGF0aHMiOnsiZGVwdElkIjoiaW5pdCIsInN0YXRlIjoiaW5pdCIsInJvbGUiOiJpbml0Iiwicm9sZUxpc3QiOiJpbml0IiwiY3JlYXRlVGltZSI6ImluaXQiLCJsYXN0TG9naW5UaW1lIjoiaW5pdCIsIl9pZCI6ImluaXQiLCJ1c2VybmFtZSI6ImluaXQiLCJwYXNzd29yZCI6ImluaXQiLCJfX3YiOiJpbml0In0sInN0YXRlcyI6eyJkZWZhdWx0Ijp7fSwiaW5pdCI6eyJfaWQiOnRydWUsInVzZXJuYW1lIjp0cnVlLCJwYXNzd29yZCI6dHJ1ZSwiZGVwdElkIjp0cnVlLCJzdGF0ZSI6dHJ1ZSwicm9sZSI6dHJ1ZSwicm9sZUxpc3QiOnRydWUsImNyZWF0ZVRpbWUiOnRydWUsImxhc3RMb2dpblRpbWUiOnRydWUsIl9fdiI6dHJ1ZX19fSwic2tpcElkIjp0cnVlfSwiJGlzTmV3IjpmYWxzZSwiX2RvYyI6eyJfaWQiOiI2MzI4MTRjMDk5NzA5Y2NjZTFkY2FjMzAiLCJ1c2VybmFtZSI6InpweSIsInBhc3N3b3JkIjoiJDJhJDEwJHQ1QnN1SUxXM2dyLkY2SFAzZ2RjbmU4Z3FvdnE1b0drRjJPU2VHc243WVNUMjhlTkRVTlZLIiwiZGVwdElkIjpbXSwic3RhdGUiOjEsInJvbGUiOjEsInJvbGVMaXN0IjpbXSwiY3JlYXRlVGltZSI6IjIwMjItMDktMTlUMDc6MDQ6MzQuMDYxWiIsImxhc3RMb2dpblRpbWUiOiIyMDIyLTA5LTE5VDA3OjA0OjM0LjA2MVoiLCJfX3YiOjB9LCJpYXQiOjE2NjM2NTY4NTAsImV4cCI6MTY2Mzc0MzI1MH0.9zc8hw7jwU25ru8zg2fvgWnTyYdMVtgFGQdtMGAUSdU',
  userInfo: { username: 'zpy', deptId: [], state: 1, role: 1, roleList: [] }
}
[2022-09-20T14:54:32.052] [INFO] info - {
  token: 'eyJhbGciOiJIUzI1NiIsInR5cCI6IkpXVCJ9.eyIkX18iOnsiYWN0aXZlUGF0aHMiOnsicGF0aHMiOnsiZGVwdElkIjoiaW5pdCIsInN0YXRlIjoiaW5pdCIsInJvbGUiOiJpbml0Iiwicm9sZUxpc3QiOiJpbml0IiwiY3JlYXRlVGltZSI6ImluaXQiLCJsYXN0TG9naW5UaW1lIjoiaW5pdCIsIl9pZCI6ImluaXQiLCJ1c2VybmFtZSI6ImluaXQiLCJwYXNzd29yZCI6ImluaXQiLCJfX3YiOiJpbml0In0sInN0YXRlcyI6eyJkZWZhdWx0Ijp7fSwiaW5pdCI6eyJfaWQiOnRydWUsInVzZXJuYW1lIjp0cnVlLCJwYXNzd29yZCI6dHJ1ZSwiZGVwdElkIjp0cnVlLCJzdGF0ZSI6dHJ1ZSwicm9sZSI6dHJ1ZSwicm9sZUxpc3QiOnRydWUsImNyZWF0ZVRpbWUiOnRydWUsImxhc3RMb2dpblRpbWUiOnRydWUsIl9fdiI6dHJ1ZX19fSwic2tpcElkIjp0cnVlfSwiJGlzTmV3IjpmYWxzZSwiX2RvYyI6eyJfaWQiOiI2MzI4MTRjMDk5NzA5Y2NjZTFkY2FjMzAiLCJ1c2VybmFtZSI6InpweSIsInBhc3N3b3JkIjoiJDJhJDEwJHQ1QnN1SUxXM2dyLkY2SFAzZ2RjbmU4Z3FvdnE1b0drRjJPU2VHc243WVNUMjhlTkRVTlZLIiwiZGVwdElkIjpbXSwic3RhdGUiOjEsInJvbGUiOjEsInJvbGVMaXN0IjpbXSwiY3JlYXRlVGltZSI6IjIwMjItMDktMTlUMDc6MDQ6MzQuMDYxWiIsImxhc3RMb2dpblRpbWUiOiIyMDIyLTA5LTE5VDA3OjA0OjM0LjA2MVoiLCJfX3YiOjB9LCJpYXQiOjE2NjM2NTY4NzIsImV4cCI6MTY2Mzc0MzI3Mn0.F2NOoFO9Hf4HDYgo_CtjCcPNzL1TyYyfzo2BXuUObl8',
  userInfo: { username: 'zpy', deptId: [], state: 1, role: 1, roleList: [] }
}
[2022-09-20T14:54:32.059] [INFO] info - { username: 'zpy', deptId: [], state: 1, role: 1, roleList: [] }
[2022-09-20T14:55:11.793] [INFO] info - {
  token: 'eyJhbGciOiJIUzI1NiIsInR5cCI6IkpXVCJ9.eyIkX18iOnsiYWN0aXZlUGF0aHMiOnsicGF0aHMiOnsiZGVwdElkIjoiaW5pdCIsInN0YXRlIjoiaW5pdCIsInJvbGUiOiJpbml0Iiwicm9sZUxpc3QiOiJpbml0IiwiY3JlYXRlVGltZSI6ImluaXQiLCJsYXN0TG9naW5UaW1lIjoiaW5pdCIsIl9pZCI6ImluaXQiLCJ1c2VybmFtZSI6ImluaXQiLCJwYXNzd29yZCI6ImluaXQiLCJfX3YiOiJpbml0In0sInN0YXRlcyI6eyJkZWZhdWx0Ijp7fSwiaW5pdCI6eyJfaWQiOnRydWUsInVzZXJuYW1lIjp0cnVlLCJwYXNzd29yZCI6dHJ1ZSwiZGVwdElkIjp0cnVlLCJzdGF0ZSI6dHJ1ZSwicm9sZSI6dHJ1ZSwicm9sZUxpc3QiOnRydWUsImNyZWF0ZVRpbWUiOnRydWUsImxhc3RMb2dpblRpbWUiOnRydWUsIl9fdiI6dHJ1ZX19fSwic2tpcElkIjp0cnVlfSwiJGlzTmV3IjpmYWxzZSwiX2RvYyI6eyJfaWQiOiI2MzI4MTRjMDk5NzA5Y2NjZTFkY2FjMzAiLCJ1c2VybmFtZSI6InpweSIsInBhc3N3b3JkIjoiJDJhJDEwJHQ1QnN1SUxXM2dyLkY2SFAzZ2RjbmU4Z3FvdnE1b0drRjJPU2VHc243WVNUMjhlTkRVTlZLIiwiZGVwdElkIjpbXSwic3RhdGUiOjEsInJvbGUiOjEsInJvbGVMaXN0IjpbXSwiY3JlYXRlVGltZSI6IjIwMjItMDktMTlUMDc6MDQ6MzQuMDYxWiIsImxhc3RMb2dpblRpbWUiOiIyMDIyLTA5LTE5VDA3OjA0OjM0LjA2MVoiLCJfX3YiOjB9LCJpYXQiOjE2NjM2NTY5MTEsImV4cCI6MTY2Mzc0MzMxMX0.kOC28vYdKzni4ztd4PJEAIxESuh8rO3eXrFZSP0y8aI',
  userInfo: { username: 'zpy', deptId: [], state: 1, role: 1, roleList: [] }
}
[2022-09-20T14:55:11.798] [INFO] info - { username: 'zpy', deptId: [], state: 1, role: 1, roleList: [] }
[2022-09-20T15:00:22.893] [INFO] info - {
  token: 'eyJhbGciOiJIUzI1NiIsInR5cCI6IkpXVCJ9.eyIkX18iOnsiYWN0aXZlUGF0aHMiOnsicGF0aHMiOnsiZGVwdElkIjoiaW5pdCIsInN0YXRlIjoiaW5pdCIsInJvbGUiOiJpbml0Iiwicm9sZUxpc3QiOiJpbml0IiwiY3JlYXRlVGltZSI6ImluaXQiLCJsYXN0TG9naW5UaW1lIjoiaW5pdCIsIl9pZCI6ImluaXQiLCJ1c2VybmFtZSI6ImluaXQiLCJwYXNzd29yZCI6ImluaXQiLCJfX3YiOiJpbml0In0sInN0YXRlcyI6eyJkZWZhdWx0Ijp7fSwiaW5pdCI6eyJfaWQiOnRydWUsInVzZXJuYW1lIjp0cnVlLCJwYXNzd29yZCI6dHJ1ZSwiZGVwdElkIjp0cnVlLCJzdGF0ZSI6dHJ1ZSwicm9sZSI6dHJ1ZSwicm9sZUxpc3QiOnRydWUsImNyZWF0ZVRpbWUiOnRydWUsImxhc3RMb2dpblRpbWUiOnRydWUsIl9fdiI6dHJ1ZX19fSwic2tpcElkIjp0cnVlfSwiJGlzTmV3IjpmYWxzZSwiX2RvYyI6eyJfaWQiOiI2MzI4MTRjMDk5NzA5Y2NjZTFkY2FjMzAiLCJ1c2VybmFtZSI6InpweSIsInBhc3N3b3JkIjoiJDJhJDEwJHQ1QnN1SUxXM2dyLkY2SFAzZ2RjbmU4Z3FvdnE1b0drRjJPU2VHc243WVNUMjhlTkRVTlZLIiwiZGVwdElkIjpbXSwic3RhdGUiOjEsInJvbGUiOjEsInJvbGVMaXN0IjpbXSwiY3JlYXRlVGltZSI6IjIwMjItMDktMTlUMDc6MDQ6MzQuMDYxWiIsImxhc3RMb2dpblRpbWUiOiIyMDIyLTA5LTE5VDA3OjA0OjM0LjA2MVoiLCJfX3YiOjB9LCJpYXQiOjE2NjM2NTcyMjIsImV4cCI6MTY2Mzc0MzYyMn0.b-gs72n_G1U8N0V3-uwUh6DvpyzTXYxWJeMxLjzIAZk',
  userInfo: { username: 'zpy', deptId: [], state: 1, role: 1, roleList: [] }
}
[2022-09-20T15:00:22.937] [INFO] info - { username: 'zpy', deptId: [], state: 1, role: 1, roleList: [] }
[2022-09-20T15:01:09.125] [INFO] info - {
  token: 'eyJhbGciOiJIUzI1NiIsInR5cCI6IkpXVCJ9.eyIkX18iOnsiYWN0aXZlUGF0aHMiOnsicGF0aHMiOnsiZGVwdElkIjoiaW5pdCIsInN0YXRlIjoiaW5pdCIsInJvbGUiOiJpbml0Iiwicm9sZUxpc3QiOiJpbml0IiwiY3JlYXRlVGltZSI6ImluaXQiLCJsYXN0TG9naW5UaW1lIjoiaW5pdCIsIl9pZCI6ImluaXQiLCJ1c2VybmFtZSI6ImluaXQiLCJwYXNzd29yZCI6ImluaXQiLCJfX3YiOiJpbml0In0sInN0YXRlcyI6eyJkZWZhdWx0Ijp7fSwiaW5pdCI6eyJfaWQiOnRydWUsInVzZXJuYW1lIjp0cnVlLCJwYXNzd29yZCI6dHJ1ZSwiZGVwdElkIjp0cnVlLCJzdGF0ZSI6dHJ1ZSwicm9sZSI6dHJ1ZSwicm9sZUxpc3QiOnRydWUsImNyZWF0ZVRpbWUiOnRydWUsImxhc3RMb2dpblRpbWUiOnRydWUsIl9fdiI6dHJ1ZX19fSwic2tpcElkIjp0cnVlfSwiJGlzTmV3IjpmYWxzZSwiX2RvYyI6eyJfaWQiOiI2MzI4MTRjMDk5NzA5Y2NjZTFkY2FjMzAiLCJ1c2VybmFtZSI6InpweSIsInBhc3N3b3JkIjoiJDJhJDEwJHQ1QnN1SUxXM2dyLkY2SFAzZ2RjbmU4Z3FvdnE1b0drRjJPU2VHc243WVNUMjhlTkRVTlZLIiwiZGVwdElkIjpbXSwic3RhdGUiOjEsInJvbGUiOjEsInJvbGVMaXN0IjpbXSwiY3JlYXRlVGltZSI6IjIwMjItMDktMTlUMDc6MDQ6MzQuMDYxWiIsImxhc3RMb2dpblRpbWUiOiIyMDIyLTA5LTE5VDA3OjA0OjM0LjA2MVoiLCJfX3YiOjB9LCJpYXQiOjE2NjM2NTcyNjksImV4cCI6MTY2Mzc0MzY2OX0.ZLzDw5GltPdjVOIdMBDH-EPK0Swmn7erdogsp8wnaaY',
  userInfo: { username: 'zpy', deptId: [], state: 1, role: 1, roleList: [] }
}
[2022-09-20T15:01:09.133] [INFO] info - { username: 'zpy', deptId: [], state: 1, role: 1, roleList: [] }
[2022-09-20T15:15:17.430] [INFO] info - {
  token: 'eyJhbGciOiJIUzI1NiIsInR5cCI6IkpXVCJ9.eyIkX18iOnsiYWN0aXZlUGF0aHMiOnsicGF0aHMiOnsiZGVwdElkIjoiaW5pdCIsInN0YXRlIjoiaW5pdCIsInJvbGUiOiJpbml0Iiwicm9sZUxpc3QiOiJpbml0IiwiY3JlYXRlVGltZSI6ImluaXQiLCJsYXN0TG9naW5UaW1lIjoiaW5pdCIsIl9pZCI6ImluaXQiLCJ1c2VybmFtZSI6ImluaXQiLCJwYXNzd29yZCI6ImluaXQiLCJfX3YiOiJpbml0In0sInN0YXRlcyI6eyJkZWZhdWx0Ijp7fSwiaW5pdCI6eyJfaWQiOnRydWUsInVzZXJuYW1lIjp0cnVlLCJwYXNzd29yZCI6dHJ1ZSwiZGVwdElkIjp0cnVlLCJzdGF0ZSI6dHJ1ZSwicm9sZSI6dHJ1ZSwicm9sZUxpc3QiOnRydWUsImNyZWF0ZVRpbWUiOnRydWUsImxhc3RMb2dpblRpbWUiOnRydWUsIl9fdiI6dHJ1ZX19fSwic2tpcElkIjp0cnVlfSwiJGlzTmV3IjpmYWxzZSwiX2RvYyI6eyJfaWQiOiI2MzI4MTRjMDk5NzA5Y2NjZTFkY2FjMzAiLCJ1c2VybmFtZSI6InpweSIsInBhc3N3b3JkIjoiJDJhJDEwJHQ1QnN1SUxXM2dyLkY2SFAzZ2RjbmU4Z3FvdnE1b0drRjJPU2VHc243WVNUMjhlTkRVTlZLIiwiZGVwdElkIjpbXSwic3RhdGUiOjEsInJvbGUiOjEsInJvbGVMaXN0IjpbXSwiY3JlYXRlVGltZSI6IjIwMjItMDktMTlUMDc6MDQ6MzQuMDYxWiIsImxhc3RMb2dpblRpbWUiOiIyMDIyLTA5LTE5VDA3OjA0OjM0LjA2MVoiLCJfX3YiOjB9LCJpYXQiOjE2NjM2NTgxMTcsImV4cCI6MTY2Mzc0NDUxN30.P5jOuFroCkPsptfnHdXU3yhLQ3VnCc4V9EvAZGhfdyM',
  userInfo: { username: 'zpy', deptId: [], state: 1, role: 1, roleList: [] }
}
[2022-09-20T15:15:17.439] [INFO] info - { username: 'zpy', deptId: [], state: 1, role: 1, roleList: [] }
[2022-09-20T16:36:20.794] [INFO] info - {
  token: 'eyJhbGciOiJIUzI1NiIsInR5cCI6IkpXVCJ9.eyIkX18iOnsiYWN0aXZlUGF0aHMiOnsicGF0aHMiOnsiZGVwdElkIjoiaW5pdCIsInN0YXRlIjoiaW5pdCIsInJvbGUiOiJpbml0Iiwicm9sZUxpc3QiOiJpbml0IiwiY3JlYXRlVGltZSI6ImluaXQiLCJsYXN0TG9naW5UaW1lIjoiaW5pdCIsIl9pZCI6ImluaXQiLCJ1c2VybmFtZSI6ImluaXQiLCJwYXNzd29yZCI6ImluaXQiLCJfX3YiOiJpbml0In0sInN0YXRlcyI6eyJkZWZhdWx0Ijp7fSwiaW5pdCI6eyJfaWQiOnRydWUsInVzZXJuYW1lIjp0cnVlLCJwYXNzd29yZCI6dHJ1ZSwiZGVwdElkIjp0cnVlLCJzdGF0ZSI6dHJ1ZSwicm9sZSI6dHJ1ZSwicm9sZUxpc3QiOnRydWUsImNyZWF0ZVRpbWUiOnRydWUsImxhc3RMb2dpblRpbWUiOnRydWUsIl9fdiI6dHJ1ZX19fSwic2tpcElkIjp0cnVlfSwiJGlzTmV3IjpmYWxzZSwiX2RvYyI6eyJfaWQiOiI2MzI4MTRjMDk5NzA5Y2NjZTFkY2FjMzAiLCJ1c2VybmFtZSI6InpweSIsInBhc3N3b3JkIjoiJDJhJDEwJHQ1QnN1SUxXM2dyLkY2SFAzZ2RjbmU4Z3FvdnE1b0drRjJPU2VHc243WVNUMjhlTkRVTlZLIiwiZGVwdElkIjpbXSwic3RhdGUiOjEsInJvbGUiOjEsInJvbGVMaXN0IjpbXSwiY3JlYXRlVGltZSI6IjIwMjItMDktMTlUMDc6MDQ6MzQuMDYxWiIsImxhc3RMb2dpblRpbWUiOiIyMDIyLTA5LTE5VDA3OjA0OjM0LjA2MVoiLCJfX3YiOjB9LCJpYXQiOjE2NjM2NjI5ODAsImV4cCI6MTY2Mzc0OTM4MH0.0qT5oq3SUvsSfhLw8v4csZXWkYxdc_LX-xDp6OpIihE',
  userInfo: { username: 'zpy', deptId: [], state: 1, role: 1, roleList: [] }
}
[2022-09-20T16:36:20.879] [INFO] info - { username: 'zpy', deptId: [], state: 1, role: 1, roleList: [] }
[2022-09-20T16:36:39.967] [INFO] info - {
  token: 'eyJhbGciOiJIUzI1NiIsInR5cCI6IkpXVCJ9.eyIkX18iOnsiYWN0aXZlUGF0aHMiOnsicGF0aHMiOnsiZGVwdElkIjoiaW5pdCIsInN0YXRlIjoiaW5pdCIsInJvbGUiOiJpbml0Iiwicm9sZUxpc3QiOiJpbml0IiwiY3JlYXRlVGltZSI6ImluaXQiLCJsYXN0TG9naW5UaW1lIjoiaW5pdCIsIl9pZCI6ImluaXQiLCJ1c2VybmFtZSI6ImluaXQiLCJwYXNzd29yZCI6ImluaXQiLCJfX3YiOiJpbml0In0sInN0YXRlcyI6eyJkZWZhdWx0Ijp7fSwiaW5pdCI6eyJfaWQiOnRydWUsInVzZXJuYW1lIjp0cnVlLCJwYXNzd29yZCI6dHJ1ZSwiZGVwdElkIjp0cnVlLCJzdGF0ZSI6dHJ1ZSwicm9sZSI6dHJ1ZSwicm9sZUxpc3QiOnRydWUsImNyZWF0ZVRpbWUiOnRydWUsImxhc3RMb2dpblRpbWUiOnRydWUsIl9fdiI6dHJ1ZX19fSwic2tpcElkIjp0cnVlfSwiJGlzTmV3IjpmYWxzZSwiX2RvYyI6eyJfaWQiOiI2MzI4MTRjMDk5NzA5Y2NjZTFkY2FjMzAiLCJ1c2VybmFtZSI6InpweSIsInBhc3N3b3JkIjoiJDJhJDEwJHQ1QnN1SUxXM2dyLkY2SFAzZ2RjbmU4Z3FvdnE1b0drRjJPU2VHc243WVNUMjhlTkRVTlZLIiwiZGVwdElkIjpbXSwic3RhdGUiOjEsInJvbGUiOjEsInJvbGVMaXN0IjpbXSwiY3JlYXRlVGltZSI6IjIwMjItMDktMTlUMDc6MDQ6MzQuMDYxWiIsImxhc3RMb2dpblRpbWUiOiIyMDIyLTA5LTE5VDA3OjA0OjM0LjA2MVoiLCJfX3YiOjB9LCJpYXQiOjE2NjM2NjI5OTksImV4cCI6MTY2Mzc0OTM5OX0.ATQOGLu-sGSvoBRb9bSG3fGReNk8QQ3k3eP1y3mlK4Q',
  userInfo: { username: 'zpy', deptId: [], state: 1, role: 1, roleList: [] }
}
[2022-09-20T16:36:51.629] [INFO] info - {
  token: 'eyJhbGciOiJIUzI1NiIsInR5cCI6IkpXVCJ9.eyIkX18iOnsiYWN0aXZlUGF0aHMiOnsicGF0aHMiOnsiZGVwdElkIjoiaW5pdCIsInN0YXRlIjoiaW5pdCIsInJvbGUiOiJpbml0Iiwicm9sZUxpc3QiOiJpbml0IiwiY3JlYXRlVGltZSI6ImluaXQiLCJsYXN0TG9naW5UaW1lIjoiaW5pdCIsIl9pZCI6ImluaXQiLCJ1c2VybmFtZSI6ImluaXQiLCJwYXNzd29yZCI6ImluaXQiLCJfX3YiOiJpbml0In0sInN0YXRlcyI6eyJkZWZhdWx0Ijp7fSwiaW5pdCI6eyJfaWQiOnRydWUsInVzZXJuYW1lIjp0cnVlLCJwYXNzd29yZCI6dHJ1ZSwiZGVwdElkIjp0cnVlLCJzdGF0ZSI6dHJ1ZSwicm9sZSI6dHJ1ZSwicm9sZUxpc3QiOnRydWUsImNyZWF0ZVRpbWUiOnRydWUsImxhc3RMb2dpblRpbWUiOnRydWUsIl9fdiI6dHJ1ZX19fSwic2tpcElkIjp0cnVlfSwiJGlzTmV3IjpmYWxzZSwiX2RvYyI6eyJfaWQiOiI2MzI4MTRjMDk5NzA5Y2NjZTFkY2FjMzAiLCJ1c2VybmFtZSI6InpweSIsInBhc3N3b3JkIjoiJDJhJDEwJHQ1QnN1SUxXM2dyLkY2SFAzZ2RjbmU4Z3FvdnE1b0drRjJPU2VHc243WVNUMjhlTkRVTlZLIiwiZGVwdElkIjpbXSwic3RhdGUiOjEsInJvbGUiOjEsInJvbGVMaXN0IjpbXSwiY3JlYXRlVGltZSI6IjIwMjItMDktMTlUMDc6MDQ6MzQuMDYxWiIsImxhc3RMb2dpblRpbWUiOiIyMDIyLTA5LTE5VDA3OjA0OjM0LjA2MVoiLCJfX3YiOjB9LCJpYXQiOjE2NjM2NjMwMTEsImV4cCI6MTY2Mzc0OTQxMX0.HWtt4JaIIQvbsLpTcXvm4wbJgYJPCk3MLt1mB3priDM',
  userInfo: { username: 'zpy', deptId: [], state: 1, role: 1, roleList: [] }
}
[2022-09-20T16:36:51.752] [INFO] info - { username: 'zpy', deptId: [], state: 1, role: 1, roleList: [] }
