[2022-09-20T12:49:24.102] [ERROR] error - 用户登录失败
[2022-09-20T12:49:35.270] [ERROR] error - 用户登录失败
[2022-09-20T12:50:09.077] [ERROR] error - 用户登录失败
[2022-09-20T12:50:10.868] [ERROR] error - 用户登录失败
[2022-09-20T12:50:19.537] [ERROR] error - 用户登录失败
[2022-09-20T12:50:20.846] [ERROR] error - 用户登录失败
[2022-09-20T12:50:30.785] [ERROR] error - 用户登录失败
[2022-09-20T12:50:31.997] [ERROR] error - 用户登录失败
[2022-09-20T12:50:50.152] [ERROR] error - 用户登录失败
[2022-09-20T12:51:18.372] [ERROR] error - 用户登录失败
[2022-09-20T12:51:19.596] [ERROR] error - 用户登录失败
[2022-09-20T13:15:26.979] [ERROR] error - 用户名或密码为空
[2022-09-20T13:15:32.793] [ERROR] error - 用户名或密码为空
[2022-09-20T13:16:34.755] [ERROR] error - 用户已经存在
[2022-09-20T15:01:29.477] [ERROR] error - 密码错误
[2022-09-20T15:01:34.262] [ERROR] error - 密码错误
[2022-09-20T15:01:52.487] [ERROR] error - 密码错误
[2022-09-20T15:02:59.919] [ERROR] error - 密码错误
[2022-09-20T15:04:10.345] [ERROR] error - 密码错误
[2022-09-20T15:05:45.449] [ERROR] error - 密码错误
[2022-09-20T15:09:57.044] [ERROR] error - 密码错误
[2022-09-20T15:10:58.705] [ERROR] error - 密码错误
[2022-09-20T15:13:45.673] [ERROR] error - 密码错误
[2022-09-20T15:13:47.759] [ERROR] error - 密码错误
[2022-09-20T15:13:59.938] [ERROR] error - 用户不存在
[2022-09-20T15:14:29.644] [ERROR] error - 用户不存在
[2022-09-20T15:14:31.636] [ERROR] error - 用户不存在
[2022-09-20T15:14:36.316] [ERROR] error - 用户不存在
[2022-09-20T15:14:44.911] [ERROR] error - 密码错误
